2018-03-26 22:06:18,154 INFO     Lenovo     添加URL:http://vchart.yinyuetai.com/vchart/trends?area=MT&page=1 到URLS

2018-03-26 22:06:18,157 INFO     Lenovo     添加URL:http://vchart.yinyuetai.com/vchart/trends?area=MT&page=2 到URLS

2018-03-26 22:07:31,299 INFO     Lenovo     添加URL:http://vchart.yinyuetai.com/vchart/trends?area=MT&page=1 到URLS

2018-03-26 22:07:31,302 INFO     Lenovo     添加URL:http://vchart.yinyuetai.com/vchart/trends?area=MT&page=2 到URLS

2018-03-26 22:07:53,358 INFO     Lenovo     添加URL:http://vchart.yinyuetai.com/vchart/trends?area=MT&page=1 到URLS

2018-03-26 22:07:53,361 INFO     Lenovo     添加URL:http://vchart.yinyuetai.com/vchart/trends?area=MT&page=2 到URLS

2018-03-26 22:08:06,601 INFO     Lenovo     添加URL:http://vchart.yinyuetai.com/vchart/trends?area=MT&page=1 到URLS

2018-03-26 22:08:06,602 INFO     Lenovo     添加URL:http://vchart.yinyuetai.com/vchart/trends?area=MT&page=2 到URLS

2018-03-26 22:08:06,608 INFO     Lenovo     添加URL:http://vchart.yinyuetai.com/vchart/trends?area=HT&page=1 到URLS

2018-03-26 22:08:06,612 INFO     Lenovo     添加URL:http://vchart.yinyuetai.com/vchart/trends?area=HT&page=2 到URLS

2018-03-26 22:08:06,618 INFO     Lenovo     添加URL:http://vchart.yinyuetai.com/vchart/trends?area=US&page=1 到URLS

2018-03-26 22:08:06,619 INFO     Lenovo     添加URL:http://vchart.yinyuetai.com/vchart/trends?area=US&page=2 到URLS

2018-03-26 22:08:06,625 INFO     Lenovo     添加URL:http://vchart.yinyuetai.com/vchart/trends?area=KR&page=1 到URLS

2018-03-26 22:08:06,628 INFO     Lenovo     添加URL:http://vchart.yinyuetai.com/vchart/trends?area=KR&page=2 到URLS

2018-03-26 22:08:06,631 INFO     Lenovo     添加URL:http://vchart.yinyuetai.com/vchart/trends?area=JP&page=1 到URLS

2018-03-26 22:08:06,634 INFO     Lenovo     添加URL:http://vchart.yinyuetai.com/vchart/trends?area=JP&page=2 到URLS

2018-03-26 22:08:16,112 INFO     Lenovo     添加URL:http://vchart.yinyuetai.com/vchart/trends?area=MT&page=1 到URLS

2018-03-26 22:08:16,115 INFO     Lenovo     添加URL:http://vchart.yinyuetai.com/vchart/trends?area=MT&page=2 到URLS

2018-03-26 22:08:16,119 INFO     Lenovo     添加URL:http://vchart.yinyuetai.com/vchart/trends?area=HT&page=1 到URLS

2018-03-26 22:08:16,122 INFO     Lenovo     添加URL:http://vchart.yinyuetai.com/vchart/trends?area=HT&page=2 到URLS

2018-03-26 22:08:16,127 INFO     Lenovo     添加URL:http://vchart.yinyuetai.com/vchart/trends?area=US&page=1 到URLS

2018-03-26 22:08:16,131 INFO     Lenovo     添加URL:http://vchart.yinyuetai.com/vchart/trends?area=US&page=2 到URLS

2018-03-26 22:08:16,134 INFO     Lenovo     添加URL:http://vchart.yinyuetai.com/vchart/trends?area=KR&page=1 到URLS

2018-03-26 22:08:16,140 INFO     Lenovo     添加URL:http://vchart.yinyuetai.com/vchart/trends?area=KR&page=2 到URLS

2018-03-26 22:08:16,144 INFO     Lenovo     添加URL:http://vchart.yinyuetai.com/vchart/trends?area=JP&page=1 到URLS

2018-03-26 22:08:16,148 INFO     Lenovo     添加URL:http://vchart.yinyuetai.com/vchart/trends?area=JP&page=2 到URLS

2018-03-26 22:16:39,480 INFO     Lenovo     添加URL:http://vchart.yinyuetai.com/vchart/trends?area=MT&page=1 到URLS

2018-03-26 22:16:39,483 INFO     Lenovo     添加URL:http://vchart.yinyuetai.com/vchart/trends?area=MT&page=2 到URLS

2018-03-26 22:16:39,487 INFO     Lenovo     添加URL:http://vchart.yinyuetai.com/vchart/trends?area=HT&page=1 到URLS

2018-03-26 22:16:39,490 INFO     Lenovo     添加URL:http://vchart.yinyuetai.com/vchart/trends?area=HT&page=2 到URLS

2018-03-26 22:16:39,494 INFO     Lenovo     添加URL:http://vchart.yinyuetai.com/vchart/trends?area=US&page=1 到URLS

2018-03-26 22:16:39,499 INFO     Lenovo     添加URL:http://vchart.yinyuetai.com/vchart/trends?area=US&page=2 到URLS

2018-03-26 22:16:39,503 INFO     Lenovo     添加URL:http://vchart.yinyuetai.com/vchart/trends?area=KR&page=1 到URLS

2018-03-26 22:16:39,509 INFO     Lenovo     添加URL:http://vchart.yinyuetai.com/vchart/trends?area=KR&page=2 到URLS

2018-03-26 22:16:39,513 INFO     Lenovo     添加URL:http://vchart.yinyuetai.com/vchart/trends?area=JP&page=1 到URLS

2018-03-26 22:16:39,516 INFO     Lenovo     添加URL:http://vchart.yinyuetai.com/vchart/trends?area=JP&page=2 到URLS

2018-03-26 22:18:18,056 INFO     Lenovo     添加URL:http://vchart.yinyuetai.com/vchart/trends?area=MT&page=1 到URLS

2018-03-26 22:18:18,061 INFO     Lenovo     添加URL:http://vchart.yinyuetai.com/vchart/trends?area=MT&page=2 到URLS

2018-03-26 22:18:18,065 INFO     Lenovo     添加URL:http://vchart.yinyuetai.com/vchart/trends?area=HT&page=1 到URLS

2018-03-26 22:18:18,069 INFO     Lenovo     添加URL:http://vchart.yinyuetai.com/vchart/trends?area=HT&page=2 到URLS

2018-03-26 22:18:18,072 INFO     Lenovo     添加URL:http://vchart.yinyuetai.com/vchart/trends?area=US&page=1 到URLS

2018-03-26 22:18:18,076 INFO     Lenovo     添加URL:http://vchart.yinyuetai.com/vchart/trends?area=US&page=2 到URLS

2018-03-26 22:18:18,082 INFO     Lenovo     添加URL:http://vchart.yinyuetai.com/vchart/trends?area=KR&page=1 到URLS

2018-03-26 22:18:18,085 INFO     Lenovo     添加URL:http://vchart.yinyuetai.com/vchart/trends?area=KR&page=2 到URLS

2018-03-26 22:18:18,089 INFO     Lenovo     添加URL:http://vchart.yinyuetai.com/vchart/trends?area=JP&page=1 到URLS

2018-03-26 22:18:18,092 INFO     Lenovo     添加URL:http://vchart.yinyuetai.com/vchart/trends?area=JP&page=2 到URLS

2018-03-26 22:19:34,196 INFO     Lenovo     添加URL:http://vchart.yinyuetai.com/vchart/trends?area=MT&page=1 到URLS

2018-03-26 22:19:34,198 INFO     Lenovo     添加URL:http://vchart.yinyuetai.com/vchart/trends?area=MT&page=2 到URLS

2018-03-26 22:19:34,434 ERROR    Lenovo     Python 返回URL: http://vchart.yinyuetai.com/vchart/trends?area=MT&page=1 数据失败

2018-03-26 22:19:34,664 ERROR    Lenovo     Python 返回URL: http://vchart.yinyuetai.com/vchart/trends?area=MT&page=2 数据失败

2018-03-26 22:19:34,667 INFO     Lenovo     添加URL:http://vchart.yinyuetai.com/vchart/trends?area=HT&page=1 到URLS

2018-03-26 22:19:34,670 INFO     Lenovo     添加URL:http://vchart.yinyuetai.com/vchart/trends?area=HT&page=2 到URLS

2018-03-26 22:19:35,029 ERROR    Lenovo     Python 返回URL: http://vchart.yinyuetai.com/vchart/trends?area=HT&page=1 数据失败

2018-03-26 22:19:35,278 ERROR    Lenovo     Python 返回URL: http://vchart.yinyuetai.com/vchart/trends?area=HT&page=2 数据失败

2018-03-26 22:19:35,280 INFO     Lenovo     添加URL:http://vchart.yinyuetai.com/vchart/trends?area=US&page=1 到URLS

2018-03-26 22:19:35,286 INFO     Lenovo     添加URL:http://vchart.yinyuetai.com/vchart/trends?area=US&page=2 到URLS

2018-03-26 22:19:35,605 ERROR    Lenovo     Python 返回URL: http://vchart.yinyuetai.com/vchart/trends?area=US&page=1 数据失败

2018-03-26 22:19:35,815 ERROR    Lenovo     Python 返回URL: http://vchart.yinyuetai.com/vchart/trends?area=US&page=2 数据失败

2018-03-26 22:19:35,818 INFO     Lenovo     添加URL:http://vchart.yinyuetai.com/vchart/trends?area=KR&page=1 到URLS

2018-03-26 22:19:35,821 INFO     Lenovo     添加URL:http://vchart.yinyuetai.com/vchart/trends?area=KR&page=2 到URLS

2018-03-26 22:19:36,155 ERROR    Lenovo     Python 返回URL: http://vchart.yinyuetai.com/vchart/trends?area=KR&page=1 数据失败

2018-03-26 22:19:36,650 ERROR    Lenovo     Python 返回URL: http://vchart.yinyuetai.com/vchart/trends?area=KR&page=2 数据失败

2018-03-26 22:19:36,653 INFO     Lenovo     添加URL:http://vchart.yinyuetai.com/vchart/trends?area=JP&page=1 到URLS

2018-03-26 22:19:36,657 INFO     Lenovo     添加URL:http://vchart.yinyuetai.com/vchart/trends?area=JP&page=2 到URLS

2018-03-26 22:19:36,986 ERROR    Lenovo     Python 返回URL: http://vchart.yinyuetai.com/vchart/trends?area=JP&page=1 数据失败

2018-03-26 22:19:37,315 ERROR    Lenovo     Python 返回URL: http://vchart.yinyuetai.com/vchart/trends?area=JP&page=2 数据失败

2018-03-26 22:20:32,559 INFO     Lenovo     添加URL:http://vchart.yinyuetai.com/vchart/trends?area=MT&page=1 到URLS

2018-03-26 22:20:32,562 INFO     Lenovo     添加URL:http://vchart.yinyuetai.com/vchart/trends?area=MT&page=2 到URLS

2018-03-26 22:20:33,811 INFO     Lenovo     Python 返回URL: http://vchart.yinyuetai.com/vchart/trends?area=MT&page=1 数据成功

2018-03-26 22:20:35,046 INFO     Lenovo     Python 返回URL: http://vchart.yinyuetai.com/vchart/trends?area=MT&page=2 数据成功

2018-03-26 22:20:35,069 INFO     Lenovo     添加URL:http://vchart.yinyuetai.com/vchart/trends?area=HT&page=1 到URLS

2018-03-26 22:20:35,072 INFO     Lenovo     添加URL:http://vchart.yinyuetai.com/vchart/trends?area=HT&page=2 到URLS

2018-03-26 22:20:36,420 INFO     Lenovo     Python 返回URL: http://vchart.yinyuetai.com/vchart/trends?area=HT&page=1 数据成功

2018-03-26 22:20:36,473 ERROR    Lenovo     添加mvName为<<None>>的数据失败

2018-03-26 22:20:36,477 INFO     Lenovo     添加mvName为<<剪云者 官方版>>的数据成功

2018-03-26 22:20:36,480 INFO     Lenovo     添加mvName为<<动力向前 官方版>>的数据成功

2018-03-26 22:20:36,483 INFO     Lenovo     添加mvName为<<圣所 官方版>>的数据成功

2018-03-26 22:20:36,486 ERROR    Lenovo     添加mvName为<<None>>的数据失败

2018-03-26 22:20:36,492 INFO     Lenovo     添加mvName为<<一起老去 电影《闺蜜2》主题曲>>的数据成功

2018-03-26 22:20:36,494 INFO     Lenovo     添加mvName为<<如愿以偿 官方版>>的数据成功

2018-03-26 22:20:36,499 INFO     Lenovo     添加mvName为<<一步之遥 官方版>>的数据成功

2018-03-26 22:20:36,500 ERROR    Lenovo     添加mvName为<<None>>的数据失败

2018-03-26 22:20:36,505 ERROR    Lenovo     添加mvName为<<None>>的数据失败

2018-03-26 22:20:36,507 ERROR    Lenovo     添加mvName为<<None>>的数据失败

2018-03-26 22:20:36,513 INFO     Lenovo     添加mvName为<<到此为止 官方版>>的数据成功

2018-03-26 22:20:36,516 ERROR    Lenovo     添加mvName为<<None>>的数据失败

2018-03-26 22:20:36,519 ERROR    Lenovo     添加mvName为<<None>>的数据失败

2018-03-26 22:20:36,523 INFO     Lenovo     添加mvName为<<Ten Reasons 官方版>>的数据成功

2018-03-26 22:20:36,526 ERROR    Lenovo     添加mvName为<<None>>的数据失败

2018-03-26 22:20:36,528 ERROR    Lenovo     添加mvName为<<None>>的数据失败

2018-03-26 22:20:36,532 ERROR    Lenovo     添加mvName为<<None>>的数据失败

2018-03-26 22:20:36,536 ERROR    Lenovo     添加mvName为<<None>>的数据失败

2018-03-26 22:20:36,539 ERROR    Lenovo     添加mvName为<<None>>的数据失败

2018-03-26 22:20:37,763 INFO     Lenovo     Python 返回URL: http://vchart.yinyuetai.com/vchart/trends?area=HT&page=2 数据成功

2018-03-26 22:20:37,795 ERROR    Lenovo     添加mvName为<<None>>的数据失败

2018-03-26 22:20:37,796 ERROR    Lenovo     添加mvName为<<None>>的数据失败

2018-03-26 22:20:37,802 INFO     Lenovo     添加mvName为<<遗忘 官方版>>的数据成功

2018-03-26 22:20:37,819 INFO     Lenovo     添加mvName为<<Patience 官方版>>的数据成功

2018-03-26 22:20:37,822 ERROR    Lenovo     添加mvName为<<None>>的数据失败

2018-03-26 22:20:37,825 INFO     Lenovo     添加mvName为<<剪云者 官方版>>的MV到mvTopList.txt...

2018-03-26 22:20:37,828 INFO     Lenovo     添加mvName为<<动力向前 官方版>>的MV到mvTopList.txt...

2018-03-26 22:20:37,834 INFO     Lenovo     添加mvName为<<圣所 官方版>>的MV到mvTopList.txt...

2018-03-26 22:20:37,836 INFO     Lenovo     添加mvName为<<一起老去 电影《闺蜜2》主题曲>>的MV到mvTopList.txt...

2018-03-26 22:20:37,839 INFO     Lenovo     添加mvName为<<如愿以偿 官方版>>的MV到mvTopList.txt...

2018-03-26 22:20:37,844 INFO     Lenovo     添加mvName为<<一步之遥 官方版>>的MV到mvTopList.txt...

2018-03-26 22:20:37,846 INFO     Lenovo     添加mvName为<<到此为止 官方版>>的MV到mvTopList.txt...

2018-03-26 22:20:37,849 INFO     Lenovo     添加mvName为<<Ten Reasons 官方版>>的MV到mvTopList.txt...

2018-03-26 22:20:37,855 INFO     Lenovo     添加mvName为<<遗忘 官方版>>的MV到mvTopList.txt...

2018-03-26 22:20:37,858 INFO     Lenovo     添加mvName为<<Patience 官方版>>的MV到mvTopList.txt...

2018-03-26 22:20:37,862 INFO     Lenovo     添加URL:http://vchart.yinyuetai.com/vchart/trends?area=US&page=1 到URLS

2018-03-26 22:20:37,865 INFO     Lenovo     添加URL:http://vchart.yinyuetai.com/vchart/trends?area=US&page=2 到URLS

2018-03-26 22:20:39,140 INFO     Lenovo     Python 返回URL: http://vchart.yinyuetai.com/vchart/trends?area=US&page=1 数据成功

2018-03-26 22:20:39,188 INFO     Lenovo     添加mvName为<<Savior>>的数据成功

2018-03-26 22:20:39,193 INFO     Lenovo     添加mvName为<<I Don't Think About You>>的数据成功

2018-03-26 22:20:39,196 ERROR    Lenovo     添加mvName为<<None>>的数据失败

2018-03-26 22:20:39,200 INFO     Lenovo     添加mvName为<<Never Be the Same>>的数据成功

2018-03-26 22:20:39,207 INFO     Lenovo     添加mvName为<<Think About You (The Look Book)>>的数据成功

2018-03-26 22:20:39,210 ERROR    Lenovo     添加mvName为<<None>>的数据失败

2018-03-26 22:20:39,213 INFO     Lenovo     添加mvName为<<FRIENDS>>的数据成功

2018-03-26 22:20:39,217 INFO     Lenovo     添加mvName为<<Freaky Friday>>的数据成功

2018-03-26 22:20:39,220 INFO     Lenovo     添加mvName为<<Heaven>>的数据成功

2018-03-26 22:20:39,226 INFO     Lenovo     添加mvName为<<Stranger Things>>的数据成功

2018-03-26 22:20:39,227 ERROR    Lenovo     添加mvName为<<None>>的数据失败

2018-03-26 22:20:39,230 ERROR    Lenovo     添加mvName为<<None>>的数据失败

2018-03-26 22:20:39,234 INFO     Lenovo     添加mvName为<<Melanin Magic>>的数据成功

2018-03-26 22:20:39,237 ERROR    Lenovo     添加mvName为<<None>>的数据失败

2018-03-26 22:20:39,242 ERROR    Lenovo     添加mvName为<<None>>的数据失败

2018-03-26 22:20:40,457 INFO     Lenovo     Python 返回URL: http://vchart.yinyuetai.com/vchart/trends?area=US&page=2 数据成功

2018-03-26 22:20:40,480 INFO     Lenovo     添加mvName为<<Savior>>的MV到mvTopList.txt...

2018-03-26 22:20:40,483 INFO     Lenovo     添加mvName为<<I Don't Think About You>>的MV到mvTopList.txt...

2018-03-26 22:20:40,486 INFO     Lenovo     添加mvName为<<Never Be the Same>>的MV到mvTopList.txt...

2018-03-26 22:20:40,490 INFO     Lenovo     添加mvName为<<Think About You (The Look Book)>>的MV到mvTopList.txt...

2018-03-26 22:20:40,493 INFO     Lenovo     添加mvName为<<FRIENDS>>的MV到mvTopList.txt...

2018-03-26 22:20:40,496 INFO     Lenovo     添加mvName为<<Freaky Friday>>的MV到mvTopList.txt...

2018-03-26 22:20:40,500 INFO     Lenovo     添加mvName为<<Heaven>>的MV到mvTopList.txt...

2018-03-26 22:20:40,505 INFO     Lenovo     添加mvName为<<Stranger Things>>的MV到mvTopList.txt...

2018-03-26 22:20:40,510 INFO     Lenovo     添加mvName为<<Melanin Magic>>的MV到mvTopList.txt...

2018-03-26 22:20:40,517 INFO     Lenovo     添加URL:http://vchart.yinyuetai.com/vchart/trends?area=KR&page=1 到URLS

2018-03-26 22:20:40,522 INFO     Lenovo     添加URL:http://vchart.yinyuetai.com/vchart/trends?area=KR&page=2 到URLS

2018-03-26 22:20:41,815 INFO     Lenovo     Python 返回URL: http://vchart.yinyuetai.com/vchart/trends?area=KR&page=1 数据成功

2018-03-26 22:20:41,868 ERROR    Lenovo     添加mvName为<<None>>的数据失败

2018-03-26 22:20:41,871 INFO     Lenovo     添加mvName为<<All Your Dreams (2018)>>的数据成功

2018-03-26 22:20:41,875 INFO     Lenovo     添加mvName为<<District 9>>的数据成功

2018-03-26 22:20:41,877 ERROR    Lenovo     添加mvName为<<None>>的数据失败

2018-03-26 22:20:41,880 ERROR    Lenovo     添加mvName为<<None>>的数据失败

2018-03-26 22:20:41,884 INFO     Lenovo     添加mvName为<<JEALOUSY>>的数据成功

2018-03-26 22:20:41,888 ERROR    Lenovo     添加mvName为<<None>>的数据失败

2018-03-26 22:20:41,894 INFO     Lenovo     添加mvName为<<I.P.U.>>的数据成功

2018-03-26 22:20:41,897 INFO     Lenovo     添加mvName为<<索然无味了>>的数据成功

2018-03-26 22:20:41,898 ERROR    Lenovo     添加mvName为<<None>>的数据失败

2018-03-26 22:20:41,903 INFO     Lenovo     添加mvName为<<BOSS>>的数据成功

2018-03-26 22:20:41,908 INFO     Lenovo     添加mvName为<<The Blue Bird>>的数据成功

2018-03-26 22:20:41,911 ERROR    Lenovo     添加mvName为<<None>>的数据失败

2018-03-26 22:20:41,917 INFO     Lenovo     添加mvName为<<GO>>的数据成功

2018-03-26 22:20:41,921 INFO     Lenovo     添加mvName为<<ONE SHOT, TWO SHOT>>的数据成功

2018-03-26 22:20:41,924 INFO     Lenovo     添加mvName为<<Daydream>>的数据成功

2018-03-26 22:20:41,931 INFO     Lenovo     添加mvName为<<TOUCH>>的数据成功

2018-03-26 22:20:41,934 ERROR    Lenovo     添加mvName为<<None>>的数据失败

2018-03-26 22:20:41,940 INFO     Lenovo     添加mvName为<<Star Wind Flower Sun>>的数据成功

2018-03-26 22:20:41,941 ERROR    Lenovo     添加mvName为<<None>>的数据失败

2018-03-26 22:20:43,250 INFO     Lenovo     Python 返回URL: http://vchart.yinyuetai.com/vchart/trends?area=KR&page=2 数据成功

2018-03-26 22:20:43,302 ERROR    Lenovo     添加mvName为<<None>>的数据失败

2018-03-26 22:20:43,303 ERROR    Lenovo     添加mvName为<<None>>的数据失败

2018-03-26 22:20:43,306 ERROR    Lenovo     添加mvName为<<None>>的数据失败

2018-03-26 22:20:43,311 ERROR    Lenovo     添加mvName为<<None>>的数据失败

2018-03-26 22:20:43,315 INFO     Lenovo     添加mvName为<<I JUST>>的数据成功

2018-03-26 22:20:43,319 INFO     Lenovo     添加mvName为<<Your Record>>的数据成功

2018-03-26 22:20:43,322 ERROR    Lenovo     添加mvName为<<None>>的数据失败

2018-03-26 22:20:43,325 INFO     Lenovo     添加mvName为<<Look  Performance Video>>的数据成功

2018-03-26 22:20:43,328 INFO     Lenovo     添加mvName为<<LADY>>的数据成功

2018-03-26 22:20:43,332 ERROR    Lenovo     添加mvName为<<None>>的数据失败

2018-03-26 22:20:43,335 ERROR    Lenovo     添加mvName为<<None>>的数据失败

2018-03-26 22:20:43,338 ERROR    Lenovo     添加mvName为<<None>>的数据失败

2018-03-26 22:20:43,342 INFO     Lenovo     添加mvName为<<I kicked my luck off>>的数据成功

2018-03-26 22:20:43,346 ERROR    Lenovo     添加mvName为<<None>>的数据失败

2018-03-26 22:20:43,349 ERROR    Lenovo     添加mvName为<<None>>的数据失败

2018-03-26 22:20:43,354 ERROR    Lenovo     添加mvName为<<None>>的数据失败

2018-03-26 22:20:43,358 INFO     Lenovo     添加mvName为<<Sorry>>的数据成功

2018-03-26 22:20:43,361 INFO     Lenovo     添加mvName为<<POST IT (Feat.朴宰范)Above Live>>的数据成功

2018-03-26 22:20:43,364 ERROR    Lenovo     添加mvName为<<None>>的数据失败

2018-03-26 22:20:43,365 ERROR    Lenovo     添加mvName为<<None>>的数据失败

2018-03-26 22:20:43,369 INFO     Lenovo     添加mvName为<<All Your Dreams (2018)>>的MV到mvTopList.txt...

2018-03-26 22:20:43,372 INFO     Lenovo     添加mvName为<<District 9>>的MV到mvTopList.txt...

2018-03-26 22:20:43,377 INFO     Lenovo     添加mvName为<<JEALOUSY>>的MV到mvTopList.txt...

2018-03-26 22:20:43,380 INFO     Lenovo     添加mvName为<<I.P.U.>>的MV到mvTopList.txt...

2018-03-26 22:20:43,384 INFO     Lenovo     添加mvName为<<索然无味了>>的MV到mvTopList.txt...

2018-03-26 22:20:43,390 INFO     Lenovo     添加mvName为<<BOSS>>的MV到mvTopList.txt...

2018-03-26 22:20:43,391 INFO     Lenovo     添加mvName为<<The Blue Bird>>的MV到mvTopList.txt...

2018-03-26 22:20:43,394 INFO     Lenovo     添加mvName为<<GO>>的MV到mvTopList.txt...

2018-03-26 22:20:43,398 INFO     Lenovo     添加mvName为<<ONE SHOT, TWO SHOT>>的MV到mvTopList.txt...

2018-03-26 22:20:43,401 INFO     Lenovo     添加mvName为<<Daydream>>的MV到mvTopList.txt...

2018-03-26 22:20:43,405 INFO     Lenovo     添加mvName为<<TOUCH>>的MV到mvTopList.txt...

2018-03-26 22:20:43,410 INFO     Lenovo     添加mvName为<<Star Wind Flower Sun>>的MV到mvTopList.txt...

2018-03-26 22:20:43,414 INFO     Lenovo     添加mvName为<<I JUST>>的MV到mvTopList.txt...

2018-03-26 22:20:43,417 INFO     Lenovo     添加mvName为<<Your Record>>的MV到mvTopList.txt...

2018-03-26 22:20:43,421 INFO     Lenovo     添加mvName为<<Look  Performance Video>>的MV到mvTopList.txt...

2018-03-26 22:20:43,424 INFO     Lenovo     添加mvName为<<LADY>>的MV到mvTopList.txt...

2018-03-26 22:20:43,427 INFO     Lenovo     添加mvName为<<I kicked my luck off>>的MV到mvTopList.txt...

2018-03-26 22:20:43,431 INFO     Lenovo     添加mvName为<<Sorry>>的MV到mvTopList.txt...

2018-03-26 22:20:43,436 INFO     Lenovo     添加mvName为<<POST IT (Feat.朴宰范)Above Live>>的MV到mvTopList.txt...

2018-03-26 22:20:43,440 INFO     Lenovo     添加URL:http://vchart.yinyuetai.com/vchart/trends?area=JP&page=1 到URLS

2018-03-26 22:20:43,444 INFO     Lenovo     添加URL:http://vchart.yinyuetai.com/vchart/trends?area=JP&page=2 到URLS

2018-03-26 22:20:44,694 INFO     Lenovo     Python 返回URL: http://vchart.yinyuetai.com/vchart/trends?area=JP&page=1 数据成功

2018-03-26 22:20:44,746 INFO     Lenovo     添加mvName为<<Dirty Talk>>的数据成功

2018-03-26 22:20:44,750 INFO     Lenovo     添加mvName为<<シンクロニシティ>>的数据成功

2018-03-26 22:20:44,753 INFO     Lenovo     添加mvName为<<アマハル>>的数据成功

2018-03-26 22:20:44,756 INFO     Lenovo     添加mvName为<<LAGRIMA>>的数据成功

2018-03-26 22:20:44,759 ERROR    Lenovo     添加mvName为<<None>>的数据失败

2018-03-26 22:20:44,760 ERROR    Lenovo     添加mvName为<<None>>的数据失败

2018-03-26 22:20:44,766 INFO     Lenovo     添加mvName为<<脳壊ス。>>的数据成功

2018-03-26 22:20:44,770 INFO     Lenovo     添加mvName为<<Lemon>>的数据成功

2018-03-26 22:20:44,773 ERROR    Lenovo     添加mvName为<<None>>的数据失败

2018-03-26 22:20:44,776 ERROR    Lenovo     添加mvName为<<None>>的数据失败

2018-03-26 22:20:44,779 ERROR    Lenovo     添加mvName为<<None>>的数据失败

2018-03-26 22:20:44,785 ERROR    Lenovo     添加mvName为<<None>>的数据失败

2018-03-26 22:20:44,789 ERROR    Lenovo     添加mvName为<<None>>的数据失败

2018-03-26 22:20:44,792 ERROR    Lenovo     添加mvName为<<None>>的数据失败

2018-03-26 22:20:44,796 ERROR    Lenovo     添加mvName为<<None>>的数据失败

2018-03-26 22:20:44,812 ERROR    Lenovo     添加mvName为<<None>>的数据失败

2018-03-26 22:20:44,816 INFO     Lenovo     添加mvName为<<これからだ!>>的数据成功

2018-03-26 22:20:44,819 ERROR    Lenovo     添加mvName为<<None>>的数据失败

2018-03-26 22:20:44,823 ERROR    Lenovo     添加mvName为<<None>>的数据失败

2018-03-26 22:20:44,828 ERROR    Lenovo     添加mvName为<<None>>的数据失败

2018-03-26 22:20:46,094 INFO     Lenovo     Python 返回URL: http://vchart.yinyuetai.com/vchart/trends?area=JP&page=2 数据成功

2018-03-26 22:20:46,144 ERROR    Lenovo     添加mvName为<<None>>的数据失败

2018-03-26 22:20:46,147 ERROR    Lenovo     添加mvName为<<None>>的数据失败

2018-03-26 22:20:46,150 ERROR    Lenovo     添加mvName为<<None>>的数据失败

2018-03-26 22:20:46,154 ERROR    Lenovo     添加mvName为<<None>>的数据失败

2018-03-26 22:20:46,157 ERROR    Lenovo     添加mvName为<<None>>的数据失败

2018-03-26 22:20:46,161 INFO     Lenovo     添加mvName为<<春風>>的数据成功

2018-03-26 22:20:46,165 INFO     Lenovo     添加mvName为<<Thrill, Risk, Heartless>>的数据成功

2018-03-26 22:20:46,167 ERROR    Lenovo     添加mvName为<<None>>的数据失败

2018-03-26 22:20:46,174 ERROR    Lenovo     添加mvName为<<None>>的数据失败

2018-03-26 22:20:46,180 ERROR    Lenovo     添加mvName为<<None>>的数据失败

2018-03-26 22:20:46,183 ERROR    Lenovo     添加mvName为<<None>>的数据失败

2018-03-26 22:20:46,187 ERROR    Lenovo     添加mvName为<<None>>的数据失败

2018-03-26 22:20:46,190 ERROR    Lenovo     添加mvName为<<None>>的数据失败

2018-03-26 22:20:46,194 ERROR    Lenovo     添加mvName为<<None>>的数据失败

2018-03-26 22:20:46,198 ERROR    Lenovo     添加mvName为<<None>>的数据失败

2018-03-26 22:20:46,201 ERROR    Lenovo     添加mvName为<<None>>的数据失败

2018-03-26 22:20:46,207 INFO     Lenovo     添加mvName为<<ぶっ倒れるまで>>的数据成功

2018-03-26 22:20:46,210 INFO     Lenovo     添加mvName为<<ボクラなりレボリューション>>的数据成功

2018-03-26 22:20:46,213 INFO     Lenovo     添加mvName为<<ゼンマイ仕掛けの夢>>的数据成功

2018-03-26 22:20:46,217 INFO     Lenovo     添加mvName为<<イマニミテイロ>>的数据成功

2018-03-26 22:20:46,219 INFO     Lenovo     添加mvName为<<Dirty Talk>>的MV到mvTopList.txt...

2018-03-26 22:20:46,223 INFO     Lenovo     添加mvName为<<シンクロニシティ>>的MV到mvTopList.txt...

2018-03-26 22:20:46,226 INFO     Lenovo     添加mvName为<<アマハル>>的MV到mvTopList.txt...

2018-03-26 22:20:46,230 INFO     Lenovo     添加mvName为<<LAGRIMA>>的MV到mvTopList.txt...

2018-03-26 22:20:46,233 INFO     Lenovo     添加mvName为<<脳壊ス。>>的MV到mvTopList.txt...

2018-03-26 22:20:46,236 INFO     Lenovo     添加mvName为<<Lemon>>的MV到mvTopList.txt...

2018-03-26 22:20:46,240 INFO     Lenovo     添加mvName为<<これからだ!>>的MV到mvTopList.txt...

2018-03-26 22:20:46,243 INFO     Lenovo     添加mvName为<<春風>>的MV到mvTopList.txt...

2018-03-26 22:20:46,246 INFO     Lenovo     添加mvName为<<Thrill, Risk, Heartless>>的MV到mvTopList.txt...

2018-03-26 22:20:46,250 INFO     Lenovo     添加mvName为<<ぶっ倒れるまで>>的MV到mvTopList.txt...

2018-03-26 22:20:46,253 INFO     Lenovo     添加mvName为<<ボクラなりレボリューション>>的MV到mvTopList.txt...

2018-03-26 22:20:46,256 INFO     Lenovo     添加mvName为<<ゼンマイ仕掛けの夢>>的MV到mvTopList.txt...

2018-03-26 22:20:46,259 INFO     Lenovo     添加mvName为<<イマニミテイロ>>的MV到mvTopList.txt...

2018-03-26 22:37:41,242 INFO     Lenovo     添加URL:http://vchart.yinyuetai.com/vchart/trends?area=MT&page=1 到URLS

2018-03-26 22:37:41,243 INFO     Lenovo     添加URL:http://vchart.yinyuetai.com/vchart/trends?area=MT&page=2 到URLS

2018-03-26 22:37:42,486 INFO     Lenovo     Python 返回URL: http://vchart.yinyuetai.com/vchart/trends?area=MT&page=1 数据成功

2018-03-26 22:37:43,696 INFO     Lenovo     Python 返回URL: http://vchart.yinyuetai.com/vchart/trends?area=MT&page=2 数据成功

2018-03-26 22:37:43,720 INFO     Lenovo     添加URL:http://vchart.yinyuetai.com/vchart/trends?area=HT&page=1 到URLS

2018-03-26 22:37:43,723 INFO     Lenovo     添加URL:http://vchart.yinyuetai.com/vchart/trends?area=HT&page=2 到URLS

2018-03-26 22:37:44,960 INFO     Lenovo     Python 返回URL: http://vchart.yinyuetai.com/vchart/trends?area=HT&page=1 数据成功

2018-03-26 22:41:16,293 INFO     Lenovo     添加URL:http://vchart.yinyuetai.com/vchart/trends?area=MT&page=1 到URLS

2018-03-26 22:41:16,296 INFO     Lenovo     添加URL:http://vchart.yinyuetai.com/vchart/trends?area=MT&page=2 到URLS

2018-03-26 22:41:16,602 ERROR    Lenovo     Python 返回URL: http://vchart.yinyuetai.com/vchart/trends?area=MT&page=1 数据失败

2018-03-26 22:41:16,838 ERROR    Lenovo     Python 返回URL: http://vchart.yinyuetai.com/vchart/trends?area=MT&page=2 数据失败

2018-03-26 22:41:16,842 INFO     Lenovo     添加URL:http://vchart.yinyuetai.com/vchart/trends?area=HT&page=1 到URLS

2018-03-26 22:41:16,848 INFO     Lenovo     添加URL:http://vchart.yinyuetai.com/vchart/trends?area=HT&page=2 到URLS

2018-03-26 22:41:17,171 ERROR    Lenovo     Python 返回URL: http://vchart.yinyuetai.com/vchart/trends?area=HT&page=1 数据失败

2018-03-26 22:41:17,503 ERROR    Lenovo     Python 返回URL: http://vchart.yinyuetai.com/vchart/trends?area=HT&page=2 数据失败

2018-03-26 22:41:17,506 INFO     Lenovo     添加URL:http://vchart.yinyuetai.com/vchart/trends?area=US&page=1 到URLS

2018-03-26 22:41:17,507 INFO     Lenovo     添加URL:http://vchart.yinyuetai.com/vchart/trends?area=US&page=2 到URLS

2018-03-26 22:41:17,789 ERROR    Lenovo     Python 返回URL: http://vchart.yinyuetai.com/vchart/trends?area=US&page=1 数据失败

2018-03-26 22:41:18,073 ERROR    Lenovo     Python 返回URL: http://vchart.yinyuetai.com/vchart/trends?area=US&page=2 数据失败

2018-03-26 22:41:18,076 INFO     Lenovo     添加URL:http://vchart.yinyuetai.com/vchart/trends?area=KR&page=1 到URLS

2018-03-26 22:41:18,079 INFO     Lenovo     添加URL:http://vchart.yinyuetai.com/vchart/trends?area=KR&page=2 到URLS

2018-03-26 22:41:18,384 ERROR    Lenovo     Python 返回URL: http://vchart.yinyuetai.com/vchart/trends?area=KR&page=1 数据失败

2018-03-26 22:41:18,773 ERROR    Lenovo     Python 返回URL: http://vchart.yinyuetai.com/vchart/trends?area=KR&page=2 数据失败

2018-03-26 22:41:18,776 INFO     Lenovo     添加URL:http://vchart.yinyuetai.com/vchart/trends?area=JP&page=1 到URLS

2018-03-26 22:41:18,779 INFO     Lenovo     添加URL:http://vchart.yinyuetai.com/vchart/trends?area=JP&page=2 到URLS

2018-03-26 22:41:19,069 ERROR    Lenovo     Python 返回URL: http://vchart.yinyuetai.com/vchart/trends?area=JP&page=1 数据失败

2018-03-26 22:41:19,407 ERROR    Lenovo     Python 返回URL: http://vchart.yinyuetai.com/vchart/trends?area=JP&page=2 数据失败

2018-03-26 22:43:07,944 INFO     Lenovo     添加URL:http://vchart.yinyuetai.com/vchart/trends?area=MT&page=1 到URLS

2018-03-26 22:43:07,946 INFO     Lenovo     添加URL:http://vchart.yinyuetai.com/vchart/trends?area=MT&page=2 到URLS

2018-03-26 22:43:09,211 INFO     Lenovo     Python 返回URL: http://vchart.yinyuetai.com/vchart/trends?area=MT&page=1 数据成功

2018-03-26 22:43:10,415 INFO     Lenovo     Python 返回URL: http://vchart.yinyuetai.com/vchart/trends?area=MT&page=2 数据成功

2018-03-26 22:43:10,440 INFO     Lenovo     添加URL:http://vchart.yinyuetai.com/vchart/trends?area=HT&page=1 到URLS

2018-03-26 22:43:10,443 INFO     Lenovo     添加URL:http://vchart.yinyuetai.com/vchart/trends?area=HT&page=2 到URLS

2018-03-26 22:43:11,690 INFO     Lenovo     Python 返回URL: http://vchart.yinyuetai.com/vchart/trends?area=HT&page=1 数据成功

2018-03-26 22:43:11,744 INFO     Lenovo     添加mvName为<<最想去的地方 官方版>>的数据成功

2018-03-26 22:43:11,746 ERROR    Lenovo     添加mvName为<<None>>的数据失败

2018-03-26 22:43:11,750 INFO     Lenovo     添加mvName为<<动力向前 官方版>>的数据成功

2018-03-26 22:43:11,753 INFO     Lenovo     添加mvName为<<圣所 官方版>>的数据成功

2018-03-26 22:43:11,756 ERROR    Lenovo     添加mvName为<<None>>的数据失败

2018-03-26 22:43:11,760 INFO     Lenovo     添加mvName为<<一起老去 电影《闺蜜2》主题曲>>的数据成功

2018-03-26 22:43:11,763 ERROR    Lenovo     添加mvName为<<None>>的数据失败

2018-03-26 22:43:11,767 INFO     Lenovo     添加mvName为<<家里 官方版>>的数据成功

2018-03-26 22:43:11,769 ERROR    Lenovo     添加mvName为<<None>>的数据失败

2018-03-26 22:43:11,772 ERROR    Lenovo     添加mvName为<<None>>的数据失败

2018-03-26 22:43:11,775 ERROR    Lenovo     添加mvName为<<None>>的数据失败

2018-03-26 22:43:11,778 ERROR    Lenovo     添加mvName为<<None>>的数据失败

2018-03-26 22:43:11,780 ERROR    Lenovo     添加mvName为<<None>>的数据失败

2018-03-26 22:43:11,782 ERROR    Lenovo     添加mvName为<<None>>的数据失败

2018-03-26 22:43:11,788 ERROR    Lenovo     添加mvName为<<None>>的数据失败

2018-03-26 22:43:11,790 ERROR    Lenovo     添加mvName为<<None>>的数据失败

2018-03-26 22:43:11,793 ERROR    Lenovo     添加mvName为<<None>>的数据失败

2018-03-26 22:43:11,796 ERROR    Lenovo     添加mvName为<<None>>的数据失败

2018-03-26 22:43:11,815 ERROR    Lenovo     添加mvName为<<None>>的数据失败

2018-03-26 22:43:11,818 ERROR    Lenovo     添加mvName为<<None>>的数据失败

2018-03-26 22:43:13,040 INFO     Lenovo     Python 返回URL: http://vchart.yinyuetai.com/vchart/trends?area=HT&page=2 数据成功

2018-03-26 22:43:13,075 ERROR    Lenovo     添加mvName为<<None>>的数据失败

2018-03-26 22:43:13,075 ERROR    Lenovo     添加mvName为<<None>>的数据失败

2018-03-26 22:43:13,078 ERROR    Lenovo     添加mvName为<<None>>的数据失败

2018-03-26 22:43:13,081 ERROR    Lenovo     添加mvName为<<None>>的数据失败

2018-03-26 22:43:13,082 ERROR    Lenovo     添加mvName为<<None>>的数据失败

2018-03-26 22:43:13,086 INFO     Lenovo     添加mvName为<<最想去的地方 官方版>>的MV到mvTopList.txt...

2018-03-26 22:43:13,088 INFO     Lenovo     添加mvName为<<动力向前 官方版>>的MV到mvTopList.txt...

2018-03-26 22:43:13,092 INFO     Lenovo     添加mvName为<<圣所 官方版>>的MV到mvTopList.txt...

2018-03-26 22:43:13,095 INFO     Lenovo     添加mvName为<<一起老去 电影《闺蜜2》主题曲>>的MV到mvTopList.txt...

2018-03-26 22:43:13,101 INFO     Lenovo     添加mvName为<<家里 官方版>>的MV到mvTopList.txt...

2018-03-26 22:43:13,104 INFO     Lenovo     添加URL:http://vchart.yinyuetai.com/vchart/trends?area=US&page=1 到URLS

2018-03-26 22:43:13,108 INFO     Lenovo     添加URL:http://vchart.yinyuetai.com/vchart/trends?area=US&page=2 到URLS

2018-03-26 22:43:14,352 INFO     Lenovo     Python 返回URL: http://vchart.yinyuetai.com/vchart/trends?area=US&page=1 数据成功

2018-03-26 22:43:14,395 ERROR    Lenovo     添加mvName为<<None>>的数据失败

2018-03-26 22:43:14,398 INFO     Lenovo     添加mvName为<<I Don't Think About You>>的数据成功

2018-03-26 22:43:14,401 INFO     Lenovo     添加mvName为<<All The Stars>>的数据成功

2018-03-26 22:43:14,404 INFO     Lenovo     添加mvName为<<Never Be the Same>>的数据成功

2018-03-26 22:43:14,408 INFO     Lenovo     添加mvName为<<River>>的数据成功

2018-03-26 22:43:14,411 ERROR    Lenovo     添加mvName为<<None>>的数据失败

2018-03-26 22:43:14,414 INFO     Lenovo     添加mvName为<<FRIENDS>>的数据成功

2018-03-26 22:43:14,417 ERROR    Lenovo     添加mvName为<<None>>的数据失败

2018-03-26 22:43:14,420 ERROR    Lenovo     添加mvName为<<None>>的数据失败

2018-03-26 22:43:14,423 ERROR    Lenovo     添加mvName为<<None>>的数据失败

2018-03-26 22:43:14,426 ERROR    Lenovo     添加mvName为<<None>>的数据失败

2018-03-26 22:43:14,430 ERROR    Lenovo     添加mvName为<<None>>的数据失败

2018-03-26 22:43:14,434 ERROR    Lenovo     添加mvName为<<None>>的数据失败

2018-03-26 22:43:14,437 ERROR    Lenovo     添加mvName为<<None>>的数据失败

2018-03-26 22:43:14,440 ERROR    Lenovo     添加mvName为<<None>>的数据失败

2018-03-26 22:43:15,599 INFO     Lenovo     Python 返回URL: http://vchart.yinyuetai.com/vchart/trends?area=US&page=2 数据成功

2018-03-26 22:43:15,625 INFO     Lenovo     添加mvName为<<I Don't Think About You>>的MV到mvTopList.txt...

2018-03-26 22:43:15,628 INFO     Lenovo     添加mvName为<<All The Stars>>的MV到mvTopList.txt...

2018-03-26 22:43:15,631 INFO     Lenovo     添加mvName为<<Never Be the Same>>的MV到mvTopList.txt...

2018-03-26 22:43:15,634 INFO     Lenovo     添加mvName为<<River>>的MV到mvTopList.txt...

2018-03-26 22:43:15,637 INFO     Lenovo     添加mvName为<<FRIENDS>>的MV到mvTopList.txt...

2018-03-26 22:43:15,641 INFO     Lenovo     添加URL:http://vchart.yinyuetai.com/vchart/trends?area=KR&page=1 到URLS

2018-03-26 22:43:15,644 INFO     Lenovo     添加URL:http://vchart.yinyuetai.com/vchart/trends?area=KR&page=2 到URLS

2018-03-26 22:43:16,947 INFO     Lenovo     Python 返回URL: http://vchart.yinyuetai.com/vchart/trends?area=KR&page=1 数据成功

2018-03-26 22:43:17,000 ERROR    Lenovo     添加mvName为<<None>>的数据失败

2018-03-26 22:43:17,003 INFO     Lenovo     添加mvName为<<All Your Dreams (2018)>>的数据成功

2018-03-26 22:43:17,007 INFO     Lenovo     添加mvName为<<District 9>>的数据成功

2018-03-26 22:43:17,010 INFO     Lenovo     添加mvName为<<BOOMERANG>>的数据成功

2018-03-26 22:43:17,013 INFO     Lenovo     添加mvName为<<Starry Night>>的数据成功

2018-03-26 22:43:17,016 INFO     Lenovo     添加mvName为<<JEALOUSY>>的数据成功

2018-03-26 22:43:17,020 INFO     Lenovo     添加mvName为<<LOOK>>的数据成功

2018-03-26 22:43:17,023 ERROR    Lenovo     添加mvName为<<None>>的数据失败

2018-03-26 22:43:17,028 INFO     Lenovo     添加mvName为<<索然无味了>>的数据成功

2018-03-26 22:43:17,032 ERROR    Lenovo     添加mvName为<<None>>的数据失败

2018-03-26 22:43:17,035 ERROR    Lenovo     添加mvName为<<None>>的数据失败

2018-03-26 22:43:17,038 ERROR    Lenovo     添加mvName为<<None>>的数据失败

2018-03-26 22:43:17,042 INFO     Lenovo     添加mvName为<<Dreams Come True>>的数据成功

2018-03-26 22:43:17,043 ERROR    Lenovo     添加mvName为<<None>>的数据失败

2018-03-26 22:43:17,046 ERROR    Lenovo     添加mvName为<<None>>的数据失败

2018-03-26 22:43:17,049 ERROR    Lenovo     添加mvName为<<None>>的数据失败

2018-03-26 22:43:17,052 ERROR    Lenovo     添加mvName为<<None>>的数据失败

2018-03-26 22:43:17,058 INFO     Lenovo     添加mvName为<<Candy Pop Dance Practice ver.>>的数据成功

2018-03-26 22:43:17,061 INFO     Lenovo     添加mvName为<<Star Wind Flower Sun>>的数据成功

2018-03-26 22:43:17,065 INFO     Lenovo     添加mvName为<<GOOD BYE>>的数据成功

2018-03-26 22:43:18,299 INFO     Lenovo     Python 返回URL: http://vchart.yinyuetai.com/vchart/trends?area=KR&page=2 数据成功

2018-03-26 22:43:18,354 ERROR    Lenovo     添加mvName为<<None>>的数据失败

2018-03-26 22:43:18,357 INFO     Lenovo     添加mvName为<<Gorgeous>>的数据成功

2018-03-26 22:43:18,361 INFO     Lenovo     添加mvName为<<Airplane>>的数据成功

2018-03-26 22:43:18,364 ERROR    Lenovo     添加mvName为<<None>>的数据失败

2018-03-26 22:43:18,368 INFO     Lenovo     添加mvName为<<I JUST>>的数据成功

2018-03-26 22:43:18,374 INFO     Lenovo     添加mvName为<<Organic Life (Feat. Reddy, NO-EL)>>的数据成功

2018-03-26 22:43:18,375 ERROR    Lenovo     添加mvName为<<None>>的数据失败

2018-03-26 22:43:18,380 ERROR    Lenovo     添加mvName为<<None>>的数据失败

2018-03-26 22:43:18,382 ERROR    Lenovo     添加mvName为<<None>>的数据失败

2018-03-26 22:43:18,387 ERROR    Lenovo     添加mvName为<<None>>的数据失败

2018-03-26 22:43:18,391 INFO     Lenovo     添加mvName为<<MY STORY >>的数据成功

2018-03-26 22:43:18,392 ERROR    Lenovo     添加mvName为<<None>>的数据失败

2018-03-26 22:43:18,397 ERROR    Lenovo     添加mvName为<<None>>的数据失败

2018-03-26 22:43:18,401 INFO     Lenovo     添加mvName为<<I kicked my luck off>>的数据成功

2018-03-26 22:43:18,401 ERROR    Lenovo     添加mvName为<<None>>的数据失败

2018-03-26 22:43:18,407 INFO     Lenovo     添加mvName为<<Rewrite..If I Can>>的数据成功

2018-03-26 22:43:18,408 ERROR    Lenovo     添加mvName为<<None>>的数据失败

2018-03-26 22:43:18,411 ERROR    Lenovo     添加mvName为<<None>>的数据失败

2018-03-26 22:43:18,414 ERROR    Lenovo     添加mvName为<<None>>的数据失败

2018-03-26 22:43:18,417 INFO     Lenovo     添加mvName为<<True Love>>的数据成功

2018-03-26 22:43:18,421 INFO     Lenovo     添加mvName为<<All Your Dreams (2018)>>的MV到mvTopList.txt...

2018-03-26 22:43:18,424 INFO     Lenovo     添加mvName为<<District 9>>的MV到mvTopList.txt...

2018-03-26 22:43:18,428 INFO     Lenovo     添加mvName为<<BOOMERANG>>的MV到mvTopList.txt...

2018-03-26 22:43:18,431 INFO     Lenovo     添加mvName为<<Starry Night>>的MV到mvTopList.txt...

2018-03-26 22:43:18,434 INFO     Lenovo     添加mvName为<<JEALOUSY>>的MV到mvTopList.txt...

2018-03-26 22:43:18,437 INFO     Lenovo     添加mvName为<<LOOK>>的MV到mvTopList.txt...

2018-03-26 22:43:18,440 INFO     Lenovo     添加mvName为<<索然无味了>>的MV到mvTopList.txt...

2018-03-26 22:43:18,444 INFO     Lenovo     添加mvName为<<Dreams Come True>>的MV到mvTopList.txt...

2018-03-26 22:43:18,447 INFO     Lenovo     添加mvName为<<Candy Pop Dance Practice ver.>>的MV到mvTopList.txt...

2018-03-26 22:43:18,450 INFO     Lenovo     添加mvName为<<Star Wind Flower Sun>>的MV到mvTopList.txt...

2018-03-26 22:43:18,456 INFO     Lenovo     添加mvName为<<GOOD BYE>>的MV到mvTopList.txt...

2018-03-26 22:43:18,459 INFO     Lenovo     添加mvName为<<Gorgeous>>的MV到mvTopList.txt...

2018-03-26 22:43:18,461 INFO     Lenovo     添加mvName为<<Airplane>>的MV到mvTopList.txt...

2018-03-26 22:43:18,464 INFO     Lenovo     添加mvName为<<I JUST>>的MV到mvTopList.txt...

2018-03-26 22:43:18,467 INFO     Lenovo     添加mvName为<<Organic Life (Feat. Reddy, NO-EL)>>的MV到mvTopList.txt...

2018-03-26 22:43:18,470 INFO     Lenovo     添加mvName为<<MY STORY >>的MV到mvTopList.txt...

2018-03-26 22:43:18,473 INFO     Lenovo     添加mvName为<<I kicked my luck off>>的MV到mvTopList.txt...

2018-03-26 22:43:18,476 INFO     Lenovo     添加mvName为<<Rewrite..If I Can>>的MV到mvTopList.txt...

2018-03-26 22:43:18,480 INFO     Lenovo     添加mvName为<<True Love>>的MV到mvTopList.txt...

2018-03-26 22:43:18,483 INFO     Lenovo     添加URL:http://vchart.yinyuetai.com/vchart/trends?area=JP&page=1 到URLS

2018-03-26 22:43:18,484 INFO     Lenovo     添加URL:http://vchart.yinyuetai.com/vchart/trends?area=JP&page=2 到URLS

2018-03-26 22:43:19,749 INFO     Lenovo     Python 返回URL: http://vchart.yinyuetai.com/vchart/trends?area=JP&page=1 数据成功

2018-03-26 22:43:19,815 INFO     Lenovo     添加mvName为<<Dirty Talk>>的数据成功

2018-03-26 22:43:19,819 INFO     Lenovo     添加mvName为<<シンクロニシティ>>的数据成功

2018-03-26 22:43:19,825 INFO     Lenovo     添加mvName为<<アマハル>>的数据成功

2018-03-26 22:43:19,825 ERROR    Lenovo     添加mvName为<<None>>的数据失败

2018-03-26 22:43:19,829 ERROR    Lenovo     添加mvName为<<None>>的数据失败

2018-03-26 22:43:19,832 ERROR    Lenovo     添加mvName为<<None>>的数据失败

2018-03-26 22:43:19,838 INFO     Lenovo     添加mvName为<<脳壊ス。>>的数据成功

2018-03-26 22:43:19,842 ERROR    Lenovo     添加mvName为<<None>>的数据失败

2018-03-26 22:43:19,845 ERROR    Lenovo     添加mvName为<<None>>的数据失败

2018-03-26 22:43:19,849 INFO     Lenovo     添加mvName为<<顔も見たくない >>的数据成功

2018-03-26 22:43:19,851 INFO     Lenovo     添加mvName为<<春はどこから来るのか?>>的数据成功

2018-03-26 22:43:19,854 ERROR    Lenovo     添加mvName为<<None>>的数据失败

2018-03-26 22:43:19,858 ERROR    Lenovo     添加mvName为<<None>>的数据失败

2018-03-26 22:43:19,861 ERROR    Lenovo     添加mvName为<<None>>的数据失败

2018-03-26 22:43:19,864 ERROR    Lenovo     添加mvName为<<None>>的数据失败

2018-03-26 22:43:19,869 INFO     Lenovo     添加mvName为<<ジャーバージャ>>的数据成功

2018-03-26 22:43:19,874 INFO     Lenovo     添加mvName为<<これからだ!>>的数据成功

2018-03-26 22:43:19,875 ERROR    Lenovo     添加mvName为<<None>>的数据失败

2018-03-26 22:43:19,878 ERROR    Lenovo     添加mvName为<<None>>的数据失败

2018-03-26 22:43:19,881 ERROR    Lenovo     添加mvName为<<None>>的数据失败

2018-03-26 22:43:21,121 INFO     Lenovo     Python 返回URL: http://vchart.yinyuetai.com/vchart/trends?area=JP&page=2 数据成功

2018-03-26 22:43:21,170 ERROR    Lenovo     添加mvName为<<None>>的数据失败

2018-03-26 22:43:21,173 ERROR    Lenovo     添加mvName为<<None>>的数据失败

2018-03-26 22:43:21,177 ERROR    Lenovo     添加mvName为<<None>>的数据失败

2018-03-26 22:43:21,180 ERROR    Lenovo     添加mvName为<<None>>的数据失败

2018-03-26 22:43:21,183 ERROR    Lenovo     添加mvName为<<None>>的数据失败

2018-03-26 22:43:21,186 ERROR    Lenovo     添加mvName为<<None>>的数据失败

2018-03-26 22:43:21,190 ERROR    Lenovo     添加mvName为<<None>>的数据失败

2018-03-26 22:43:21,194 ERROR    Lenovo     添加mvName为<<None>>的数据失败

2018-03-26 22:43:21,196 ERROR    Lenovo     添加mvName为<<None>>的数据失败

2018-03-26 22:43:21,198 ERROR    Lenovo     添加mvName为<<None>>的数据失败

2018-03-26 22:43:21,200 ERROR    Lenovo     添加mvName为<<None>>的数据失败

2018-03-26 22:43:21,203 ERROR    Lenovo     添加mvName为<<None>>的数据失败

2018-03-26 22:43:21,207 ERROR    Lenovo     添加mvName为<<None>>的数据失败

2018-03-26 22:43:21,210 ERROR    Lenovo     添加mvName为<<None>>的数据失败

2018-03-26 22:43:21,211 ERROR    Lenovo     添加mvName为<<None>>的数据失败

2018-03-26 22:43:21,214 ERROR    Lenovo     添加mvName为<<None>>的数据失败

2018-03-26 22:43:21,219 INFO     Lenovo     添加mvName为<<ぶっ倒れるまで>>的数据成功

2018-03-26 22:43:21,223 INFO     Lenovo     添加mvName为<<ボクラなりレボリューション>>的数据成功

2018-03-26 22:43:21,226 INFO     Lenovo     添加mvName为<<ゼンマイ仕掛けの夢>>的数据成功

2018-03-26 22:43:21,230 INFO     Lenovo     添加mvName为<<イマニミテイロ>>的数据成功

2018-03-26 22:43:21,233 INFO     Lenovo     添加mvName为<<Dirty Talk>>的MV到mvTopList.txt...

2018-03-26 22:43:21,236 INFO     Lenovo     添加mvName为<<シンクロニシティ>>的MV到mvTopList.txt...

2018-03-26 22:43:21,240 INFO     Lenovo     添加mvName为<<アマハル>>的MV到mvTopList.txt...

2018-03-26 22:43:21,242 INFO     Lenovo     添加mvName为<<脳壊ス。>>的MV到mvTopList.txt...

2018-03-26 22:43:21,244 INFO     Lenovo     添加mvName为<<顔も見たくない >>的MV到mvTopList.txt...

2018-03-26 22:43:21,247 INFO     Lenovo     添加mvName为<<春はどこから来るのか?>>的MV到mvTopList.txt...

2018-03-26 22:43:21,250 INFO     Lenovo     添加mvName为<<ジャーバージャ>>的MV到mvTopList.txt...

2018-03-26 22:43:21,253 INFO     Lenovo     添加mvName为<<これからだ!>>的MV到mvTopList.txt...

2018-03-26 22:43:21,256 INFO     Lenovo     添加mvName为<<ぶっ倒れるまで>>的MV到mvTopList.txt...

2018-03-26 22:43:21,259 INFO     Lenovo     添加mvName为<<ボクラなりレボリューション>>的MV到mvTopList.txt...

2018-03-26 22:43:21,266 INFO     Lenovo     添加mvName为<<ゼンマイ仕掛けの夢>>的MV到mvTopList.txt...

2018-03-26 22:43:21,269 INFO     Lenovo     添加mvName为<<イマニミテイロ>>的MV到mvTopList.txt...

