2018-03-17 21:18:14,053 INFO     Lenovo     获取URLS成功    

2018-03-17 21:18:15,710 INFO     Lenovo     Python 返回URUL:http://tieba.baidu.com/f?kw=缘之空&ie=utf-8&pn=0  数据成功

2018-03-17 21:18:16,535 INFO     Lenovo     获取标题为<<(若晗)我是不是用小号注册了个神id>>的项成功 ...

2018-03-17 21:18:16,539 INFO     Lenovo     获取标题为<<【真爱】这里是 春日野穹 的真爱贴，喜欢穹妹的天天来顶啊~>>的项成功 ...

2018-03-17 21:18:16,545 INFO     Lenovo     获取标题为<<(若晗)诶嘿嘿>>的项成功 ...

2018-03-17 21:18:16,549 INFO     Lenovo     获取标题为<<有妹的同志们来做个实验>>的项成功 ...

2018-03-17 21:18:16,553 INFO     Lenovo     获取标题为<<向妹妹表白了……现在心里很乱>>的项成功 ...

2018-03-17 21:18:16,562 INFO     Lenovo     获取标题为<<★官方吧群★缘之空吧官方吧群开通啦~欢迎各路神仙，小姐姐加入！>>的项成功 ...

2018-03-17 21:18:16,565 INFO     Lenovo     获取标题为<<给大家讲一个我身边发生的神奇故事>>的项成功 ...

2018-03-17 21:18:16,571 INFO     Lenovo     获取标题为<<大月喵神教，需要祭天的时候，就宰猫吧。。。>>的项成功 ...

2018-03-17 21:18:16,576 INFO     Lenovo     获取标题为<<为什么悠看见穹手淫“感动”了吾>>的项成功 ...

2018-03-17 21:18:16,582 INFO     Lenovo     获取标题为<<【长期更新】分享一下我和我妹的故事吧>>的项成功 ...

2018-03-17 21:18:16,585 INFO     Lenovo     获取标题为<<穹妹手机壁纸>>的项成功 ...

2018-03-17 21:18:16,588 INFO     Lenovo     获取标题为<<妹，你是哥上辈子积累的福分，哥会永远的守护你。>>的项成功 ...

2018-03-17 21:18:16,594 INFO     Lenovo     获取标题为<<终于到了…运费接近书一半的价钱…>>的项成功 ...

2018-03-17 21:18:16,598 INFO     Lenovo     获取标题为<<这是什么？有卖的吗？>>的项成功 ...

2018-03-17 21:18:16,601 INFO     Lenovo     获取标题为<<【龟速直播】妹控哥哥和兄控妹妹的温馨日常>>的项成功 ...

2018-03-17 21:18:16,605 INFO     Lenovo     获取标题为<<【重置版】当我发现妹妹的秘密之后>>的项成功 ...

2018-03-17 21:18:16,612 INFO     Lenovo     获取标题为<<看缘之空中毒的吧友进来>>的项成功 ...

2018-03-17 21:18:16,618 INFO     Lenovo     获取标题为<<有小可爱有这个头像的另一半吗？>>的项成功 ...

2018-03-17 21:18:16,621 INFO     Lenovo     获取标题为<<【参赛作品】2   这次加了字幕画面尽量配合歌词(*****>>的项成功 ...

2018-03-17 21:18:16,628 INFO     Lenovo     获取标题为<<悠的爷爷没死？？？>>的项成功 ...

2018-03-17 21:18:16,631 INFO     Lenovo     获取标题为<<『缘之空ONS手机版详细教程』针对萌新的详细教程>>的项成功 ...

2018-03-17 21:18:16,637 INFO     Lenovo     获取标题为<<生日快乐，小穹>>的项成功 ...

2018-03-17 21:18:16,640 INFO     Lenovo     获取标题为<<缘之空 感谢有你>>的项成功 ...

2018-03-17 21:18:16,645 INFO     Lenovo     获取标题为<<戏言——死与新生>>的项成功 ...

2018-03-17 21:18:16,651 INFO     Lenovo     获取标题为<<【真爱】这是顶天女目瑛的专门贴，喜欢瑛的天天来顶啊~>>的项成功 ...

2018-03-17 21:18:16,655 INFO     Lenovo     获取标题为<<想水帖升级却不知道用什么理由水……呐你们猜猜……我这是睡得迟>>的项成功 ...

2018-03-17 21:18:16,661 INFO     Lenovo     获取标题为<<【真爱】这里是顶依媛奈绪的专门贴，喜欢邻家大姐姐的天天来顶啊>>的项成功 ...

2018-03-17 21:18:16,665 INFO     Lenovo     获取标题为<<【真爱】这是顶仓永梢的专门贴，喜欢班长妹子的天天来顶啊！！！>>的项成功 ...

2018-03-17 21:18:16,671 INFO     Lenovo     获取标题为<<【真爱】这是顶乃木板初佳的专门贴，喜欢的初佳小姐的天天来顶呀~~>>的项成功 ...

2018-03-17 21:18:16,677 INFO     Lenovo     获取标题为<<【真爱】这是顶春日野悠的专门贴，喜欢的悠哥的天天来顶呀。。>>的项成功 ...

2018-03-17 21:18:16,684 INFO     Lenovo     获取标题为<<【真爱】这里是 渚一叶 的真爱贴，喜欢大小姐的天天来顶啊~>>的项成功 ...

2018-03-17 21:18:16,687 INFO     Lenovo     获取标题为<<悠之空个缘之空有什么区别？>>的项成功 ...

2018-03-17 21:18:16,694 INFO     Lenovo     获取标题为<<第一次cos 献给爱的穹妹💕>>的项成功 ...

2018-03-17 21:18:16,701 INFO     Lenovo     获取标题为<<『萌物安利』梦梦奈了解一下>>的项成功 ...

2018-03-17 21:18:16,709 INFO     Lenovo     获取标题为<<动漫中十个让人心疼的女配角>>的项成功 ...

2018-03-17 21:18:16,714 INFO     Lenovo     获取标题为<<提个问。吧里不让发cos？？？>>的项成功 ...

2018-03-17 21:18:16,720 INFO     Lenovo     获取标题为<<突然想图解缘之空游戏，不为什么就是想，龟速更新，但不会弃坑>>的项成功 ...

2018-03-17 21:18:16,726 INFO     Lenovo     获取标题为<<图解悠之空>>的项成功 ...

2018-03-17 21:18:16,733 INFO     Lenovo     获取标题为<<我与妹妹的日常>>的项成功 ...

2018-03-17 21:18:16,740 INFO     Lenovo     获取标题为<<想和穹妹说晚安的天天来说～>>的项成功 ...

2018-03-17 21:18:16,744 INFO     Lenovo     获取标题为<<看缘之空动漫被表妹看到>>的项成功 ...

2018-03-17 21:18:16,750 INFO     Lenovo     获取标题为<<【不是小说】昨天给分手很久的妹妹发了条短信>>的项成功 ...

2018-03-17 21:18:16,756 INFO     Lenovo     获取标题为<<什什什么？！！吧主怎么就一个人了，无辜希呢？>>的项成功 ...

2018-03-17 21:18:16,762 INFO     Lenovo     获取标题为<<求悠哥的高清头像，列如这种[下图][表示被悠哥圈粉]>>的项成功 ...

2018-03-17 21:18:16,769 INFO     Lenovo     获取标题为<<悠与穹，在那苍穹的尽头，向着悠远的天穹朝着未来前行吧，祝你们>>的项成功 ...

2018-03-17 21:18:16,778 INFO     Lenovo     获取标题为<<溜达溜达溜达溜达溜，没有我眼熟的了。>>的项成功 ...

2018-03-17 21:18:16,783 INFO     Lenovo     获取标题为<<[原創]無題>>的项成功 ...

2018-03-17 21:18:16,789 INFO     Lenovo     获取标题为<<缘之空的CG>>的项成功 ...

2018-03-17 21:18:17,703 INFO     Lenovo     Python 返回URUL:http://tieba.baidu.com/f?kw=缘之空&ie=utf-8&pn=50  数据成功

2018-03-17 21:18:18,332 INFO     Lenovo     获取标题为<<《Re:0》剧场版ova上映决定，第二季有望？>>的项成功 ...

2018-03-17 21:18:18,336 INFO     Lenovo     获取标题为<<求原图>>的项成功 ...

2018-03-17 21:18:18,341 INFO     Lenovo     获取标题为<<随便说说我和妹妹的故事吧>>的项成功 ...

2018-03-17 21:18:18,345 INFO     Lenovo     获取标题为<<【来秀恩爱】跟哥哥在一起最幸福啦!>>的项成功 ...

2018-03-17 21:18:18,349 INFO     Lenovo     获取标题为<<《和风穹语》和服穹妹手办-秦雨田2(石粉粘土)>>的项成功 ...

2018-03-17 21:18:18,355 INFO     Lenovo     获取标题为<<妹妹给我寄了一个快递 有点慌了>>的项成功 ...

2018-03-17 21:18:18,358 INFO     Lenovo     获取标题为<<缘之空游戏怎么玩的，怎么感觉是>>的项成功 ...

2018-03-17 21:18:18,362 INFO     Lenovo     获取标题为<<【参赛作品】散文《有情花的滋味》加手绘穹妹>>的项成功 ...

2018-03-17 21:18:18,367 INFO     Lenovo     获取标题为<<求缘之空音乐钢琴谱>>的项成功 ...

2018-03-17 21:18:18,374 INFO     Lenovo     获取标题为<<[龟速直播]如何让妹妹爱上！自己>>的项成功 ...

2018-03-17 21:18:18,380 INFO     Lenovo     获取标题为<<忙了一整天，终于搞好了缘之空游戏，现在才想起来打算庆祝（氵）>>的项成功 ...

2018-03-17 21:18:18,384 INFO     Lenovo     获取标题为<<问一下，就是我下载好了缘之空的ons游戏，但是进去之后就是会>>的项成功 ...

2018-03-17 21:18:18,388 INFO     Lenovo     获取标题为<<问一下各位大佬，缘之空游戏在手机上怎么玩？(告诉些实用的)>>的项成功 ...

2018-03-17 21:18:18,394 INFO     Lenovo     获取标题为<<【伪·直播】穹妹手办开箱>>的项成功 ...

2018-03-17 21:18:18,398 INFO     Lenovo     获取标题为<<【COS正片】我的哥哥在哪里>>的项成功 ...

2018-03-17 21:18:18,403 INFO     Lenovo     获取标题为<<【cos正片】#缘之空——旗袍穹妹# coser: @樱沐子>>的项成功 ...

2018-03-17 21:18:18,408 INFO     Lenovo     获取标题为<<【参赛作品】原创手绘~第5年的庆生图>>的项成功 ...

2018-03-17 21:18:18,413 INFO     Lenovo     获取标题为<<直播图解缘之空（找不到资源的小伙伴有福啦～）>>的项成功 ...

2018-03-17 21:18:18,417 INFO     Lenovo     获取标题为<<国家欠我一个妹妹，现在终于给我了>>的项成功 ...

2018-03-17 21:18:18,421 INFO     Lenovo     获取标题为<<情不知所起，一往而深>>的项成功 ...

2018-03-17 21:18:18,427 INFO     Lenovo     获取标题为<<缘之空3D化工程进度搬运贴
【已授权转载】>>的项成功 ...

2018-03-17 21:18:18,430 INFO     Lenovo     获取标题为<<落叶故事之懒散的一天>>的项成功 ...

2018-03-17 21:18:18,434 INFO     Lenovo     获取标题为<<【资源】缘之空穹妹CG图集打包>>的项成功 ...

2018-03-17 21:18:18,440 INFO     Lenovo     获取标题为<<求另一半，在线等>>的项成功 ...

2018-03-17 21:18:18,444 INFO     Lenovo     获取标题为<<1月日本Amazon新番排名>>的项成功 ...

2018-03-17 21:18:18,451 INFO     Lenovo     获取标题为<<『动漫人物名字读音扫盲』我神隐来教你怎么读汉字>>的项成功 ...

2018-03-17 21:18:18,457 INFO     Lenovo     获取标题为<<感动，缘之空的官方漫画今天终于到了>>的项成功 ...

2018-03-17 21:18:18,463 INFO     Lenovo     获取标题为<<我发现我实在找不到比悠更帅的男主>>的项成功 ...

2018-03-17 21:18:18,466 INFO     Lenovo     获取标题为<<求缘之空记忆的尤克里里指弹谱>>的项成功 ...

2018-03-17 21:18:18,470 INFO     Lenovo     获取标题为<<我的好妹妹>>的项成功 ...

2018-03-17 21:18:18,473 INFO     Lenovo     获取标题为<<哇十周年活动二等奖到啦悠哥彻底被挡住了>>的项成功 ...

2018-03-17 21:18:18,479 INFO     Lenovo     获取标题为<<嗯……突发奇想想问问吧友们，如果你现在穿越到小时候，会怎么培>>的项成功 ...

2018-03-17 21:18:18,483 INFO     Lenovo     获取标题为<<春日野悠和渚一叶没发生关系吧，>>的项成功 ...

2018-03-17 21:18:18,487 INFO     Lenovo     获取标题为<<【伪科普】穹妹周边补完计划>>的项成功 ...

2018-03-17 21:18:18,493 INFO     Lenovo     获取标题为<<你们觉得用穹妹那张图片做输入法皮肤比较好？>>的项成功 ...

2018-03-17 21:18:18,497 INFO     Lenovo     获取标题为<<请问缘之空现在还有bd或1080p的吗>>的项成功 ...

2018-03-17 21:18:18,513 INFO     Lenovo     获取标题为<<转自内涵段子（好想要个妹妹啊）>>的项成功 ...

2018-03-17 21:18:18,523 INFO     Lenovo     获取标题为<<『萌新找图软件安利』萌新不会找图可以使用这款软件>>的项成功 ...

2018-03-17 21:18:18,528 INFO     Lenovo     获取标题为<<可耻的做一次伸手党>>的项成功 ...

2018-03-17 21:18:18,535 INFO     Lenovo     获取标题为<<再看一遍吧>>的项成功 ...

2018-03-17 21:18:18,539 INFO     Lenovo     获取标题为<<已经快八年了祝他们99>>的项成功 ...

2018-03-17 21:18:18,542 INFO     Lenovo     获取标题为<<这一幕，很眼熟>>的项成功 ...

2018-03-17 21:18:18,548 INFO     Lenovo     获取标题为<<作为一个有亲妹妹的人，我第一次后悔看无修版的>>的项成功 ...

2018-03-17 21:18:18,552 INFO     Lenovo     获取标题为<<虽然动漫看过了但是我还是优先选择穹妹线🌚>>的项成功 ...

2018-03-17 21:18:18,559 INFO     Lenovo     获取标题为<<我哥哥让我看的缘之空>>的项成功 ...

2018-03-17 21:18:18,563 INFO     Lenovo     获取标题为<<看完缘之空得抑郁症的进来评论a>>的项成功 ...

2018-03-17 21:18:18,569 INFO     Lenovo     获取标题为<<【长篇连载】为了追赶上她而努力学习！>>的项成功 ...

2018-03-17 21:18:18,573 INFO     Lenovo     获取标题为<<晒晒爱车 不喜勿喷>>的项成功 ...

2018-03-17 21:18:18,578 INFO     Lenovo     获取标题为<<苦等了好几年！终于可能有第二季>>的项成功 ...

2018-03-17 21:18:18,585 INFO     Lenovo     获取标题为<<【缘之空bgm第三弹·old memory】【渣混】>>的项成功 ...

2018-03-17 21:18:22,509 INFO     Lenovo     Python 返回URUL:http://tieba.baidu.com/f?kw=缘之空&ie=utf-8&pn=100  数据成功

2018-03-17 21:18:23,275 INFO     Lenovo     获取标题为<<缘之空开头曲，用吉他弹得  ，技术很牛！>>的项成功 ...

2018-03-17 21:18:23,279 INFO     Lenovo     获取标题为<<想问问大佬们，缘之空和悠之空的区别，和悠之空的剧情。缘之空看>>的项成功 ...

2018-03-17 21:18:23,282 INFO     Lenovo     获取标题为<<直播奥木染圣地巡礼>>的项成功 ...

2018-03-17 21:18:23,290 INFO     Lenovo     获取标题为<<【获奖名单】悠穹生日祭暨缘之空十周年活动获奖名单>>的项成功 ...

2018-03-17 21:18:23,296 INFO     Lenovo     获取标题为<<有俩个妹妹的我是一种什么体验哈哈哈哈>>的项成功 ...

2018-03-17 21:18:23,302 INFO     Lenovo     获取标题为<<【资源】缘之空ons资源发放>>的项成功 ...

2018-03-17 21:18:23,305 INFO     Lenovo     获取标题为<<为毛我的缘之空ons版字母是这个样子？！>>的项成功 ...

2018-03-17 21:18:23,311 INFO     Lenovo     获取标题为<<你们最喜欢穹妹的那个瞬间>>的项成功 ...

2018-03-17 21:18:23,315 INFO     Lenovo     获取标题为<<缘之空漫画>>的项成功 ...

2018-03-17 21:18:23,319 INFO     Lenovo     获取标题为<<[秀一波]我的妹妹真的是超级可爱呢。应该有人记得我，当时跟妹>>的项成功 ...

2018-03-17 21:18:23,319 INFO     Lenovo     获取标题为<<萌新提问>>的项成功 ...

2018-03-17 21:18:23,319 INFO     Lenovo     获取标题为<<二次元vs三次元，奥木染vs箱根町，缘之空的现实舞台！！>>的项成功 ...

2018-03-17 21:18:23,319 INFO     Lenovo     获取标题为<<【参赛作品】手绘悠穹3张>>的项成功 ...

2018-03-17 21:18:23,335 INFO     Lenovo     获取标题为<<【资源】缘之空完整硬盘版下载>>的项成功 ...

2018-03-17 21:18:23,342 INFO     Lenovo     获取标题为<<galgame缘之空一周目感想>>的项成功 ...

2018-03-17 21:18:23,346 INFO     Lenovo     获取标题为<<大家缘之空和悠之空的游戏都是在哪下的啊？>>的项成功 ...

2018-03-17 21:18:23,351 INFO     Lenovo     获取标题为<<【clover day's】>>的项成功 ...

2018-03-17 21:18:23,355 INFO     Lenovo     获取标题为<<我竟然在B站看缘之空？!>>的项成功 ...

2018-03-17 21:18:23,361 INFO     Lenovo     获取标题为<<我的穹妹定制手机壳到了。>>的项成功 ...

2018-03-17 21:18:23,364 INFO     Lenovo     获取标题为<<【自截图，有h慎入】仰望苍穹>>的项成功 ...

2018-03-17 21:18:23,368 INFO     Lenovo     获取标题为<<漫画到货。。。>>的项成功 ...

2018-03-17 21:18:23,375 INFO     Lenovo     获取标题为<<解析缘之空动漫结局！>>的项成功 ...

2018-03-17 21:18:23,380 INFO     Lenovo     获取标题为<<昨晚和我妹开个玩笑结果扎心了。>>的项成功 ...

2018-03-17 21:18:23,385 INFO     Lenovo     获取标题为<<我想挨一顿毒打.jpg>>的项成功 ...

2018-03-17 21:18:23,390 INFO     Lenovo     获取标题为<<[150429][度盘]522部汉化galgame合集+整理文档（915.7G）>>的项成功 ...

2018-03-17 21:18:23,394 INFO     Lenovo     获取标题为<<叔叔不约程序，陌生人看见德骨的反应是什么>>的项成功 ...

2018-03-17 21:18:23,401 INFO     Lenovo     获取标题为<<【小福利】缘之空穹妹〖超清〗截图>>的项成功 ...

2018-03-17 21:18:23,404 INFO     Lenovo     获取标题为<<Looking back on 2017>>的项成功 ...

2018-03-17 21:18:23,411 INFO     Lenovo     获取标题为<<不知道大家如何看待缘之空的动漫版>>的项成功 ...

2018-03-17 21:18:23,415 INFO     Lenovo     获取标题为<<对缘之空结局的深解>>的项成功 ...

2018-03-17 21:18:23,420 INFO     Lenovo     获取标题为<<提一个小问题>>的项成功 ...

2018-03-17 21:18:23,424 INFO     Lenovo     获取标题为<<如何用手机玩缘之空？>>的项成功 ...

2018-03-17 21:18:23,430 INFO     Lenovo     获取标题为<<喜欢琼妹~刚刚看完，不太明白男主…是同时和很多人有关系吗？>>的项成功 ...

2018-03-17 21:18:23,434 INFO     Lenovo     获取标题为<<缘之空真正结局，内附ons模拟器使用方法>>的项成功 ...

2018-03-17 21:18:23,438 INFO     Lenovo     获取标题为<<只有我觉得动漫的穹妹更好看吗  - 。->>的项成功 ...

2018-03-17 21:18:23,444 INFO     Lenovo     获取标题为<<【招贤纳士】缘之空吧吧务招募>>的项成功 ...

2018-03-17 21:18:23,447 INFO     Lenovo     获取标题为<<《缘之空》psp攻略完成了。>>的项成功 ...

2018-03-17 21:18:23,453 INFO     Lenovo     获取标题为<<【缘之空】发现个好玩的小游戏，于是忍不住前来水帖>>的项成功 ...

2018-03-17 21:18:23,460 INFO     Lenovo     获取标题为<<去箱根神社巡礼了>>的项成功 ...

2018-03-17 21:18:23,463 INFO     Lenovo     获取标题为<<自制的一个穹与悠的amv>>的项成功 ...

2018-03-17 21:18:23,467 INFO     Lenovo     获取标题为<<【龟速更新】我与妹妹二三事>>的项成功 ...

2018-03-17 21:18:23,473 INFO     Lenovo     获取标题为<<[依然诚哥]  在吗？？在的话可以进来下不>>的项成功 ...

2018-03-17 21:18:23,477 INFO     Lenovo     获取标题为<<多次剪辑重制了一遍，画质什么的就算了吧。至于那个码em>>的项成功 ...

2018-03-17 21:18:23,483 INFO     Lenovo     获取标题为<<和妹妹在日本的旅游日常>>的项成功 ...

2018-03-17 21:18:23,486 INFO     Lenovo     获取标题为<<【MORA自购】[160921]缘之空主题歌&原声集OST[Hi-Res]>>的项成功 ...

2018-03-17 21:18:23,493 INFO     Lenovo     获取标题为<<不知道先看动漫还是先玩游戏好>>的项成功 ...

2018-03-17 21:18:23,497 INFO     Lenovo     获取标题为<<穹妹的告白>>的项成功 ...

2018-03-17 21:18:23,502 INFO     Lenovo     获取标题为<<求穹妹高清壁纸和QQ头像啊！跪谢大佬们>>的项成功 ...

2018-03-17 21:18:23,519 INFO     Lenovo     获取标题为<<诸位绅士今年收了多少压岁钱>>的项成功 ...

2018-03-17 21:18:24,526 INFO     Lenovo     Python 返回URUL:http://tieba.baidu.com/f?kw=缘之空&ie=utf-8&pn=150  数据成功

2018-03-17 21:18:24,858 INFO     Lenovo     获取标题为<<求这张穹妹的高清原图>>的项成功 ...

2018-03-17 21:18:24,861 INFO     Lenovo     获取标题为<<吧里有为了悠看缘之空的吗……可能大多数都是为了穹吧，再一次回>>的项成功 ...

2018-03-17 21:18:24,867 INFO     Lenovo     获取标题为<<求出处，万分感谢各位老爷>>的项成功 ...

2018-03-17 21:18:24,871 INFO     Lenovo     获取标题为<<妹系galgame总结推荐>>的项成功 ...

2018-03-17 21:18:24,877 INFO     Lenovo     获取标题为<<新人，发一帖吧，不想让自己的感受与世沉沦了。>>的项成功 ...

2018-03-17 21:18:24,881 INFO     Lenovo     获取标题为<<吧务组日常>>的项成功 ...

2018-03-17 21:18:24,885 INFO     Lenovo     获取标题为<<额，有没有大佬教一下怎么勾搭哥哥的>>的项成功 ...

2018-03-17 21:18:24,891 INFO     Lenovo     获取标题为<<你们谁知道德骨出处那个小哥和他妹妹现在怎么样了>>的项成功 ...

2018-03-17 21:18:24,897 INFO     Lenovo     获取标题为<<TV12集和DVD版的一点不同。。>>的项成功 ...

2018-03-17 21:18:24,901 INFO     Lenovo     获取标题为<<话说大家都是缘之空入妹坑？最近有妹妹的番大家又看了多少了？>>的项成功 ...

2018-03-17 21:18:24,907 INFO     Lenovo     获取标题为<<其实看第十集我是挺心疼的>>的项成功 ...

2018-03-17 21:18:24,911 INFO     Lenovo     获取标题为<<【转】妹妹从日本回来非要和我睡>>的项成功 ...

2018-03-17 21:18:24,915 INFO     Lenovo     获取标题为<<求一个电脑的win7主题，穹妹的>>的项成功 ...

2018-03-17 21:18:24,920 INFO     Lenovo     获取标题为<<有妹恨妹不成穹，无妹恨穹不是妹。>>的项成功 ...

2018-03-17 21:18:24,924 INFO     Lenovo     获取标题为<<其实我真的不知道该怎么办！>>的项成功 ...

2018-03-17 21:18:24,928 INFO     Lenovo     获取标题为<<某个手游（魔灵召唤）招了悠哥穹妹出来>>的项成功 ...

2018-03-17 21:18:24,934 INFO     Lenovo     获取标题为<<缘之空的四个故事 我只喜欢一个>>的项成功 ...

2018-03-17 21:18:24,938 INFO     Lenovo     获取标题为<<求穹妹高清图片，拿来做头像，谢>>的项成功 ...

2018-03-17 21:18:24,946 INFO     Lenovo     获取标题为<<各位知道这张图哪来的吗？>>的项成功 ...

2018-03-17 21:18:24,950 INFO     Lenovo     获取标题为<<差6jy到11j>>的项成功 ...

2018-03-17 21:18:24,953 INFO     Lenovo     获取标题为<<哪位dalao有这张图的高清图，求>>的项成功 ...

2018-03-17 21:18:24,960 INFO     Lenovo     获取标题为<<［一本正经的胡说八道］系列1>>的项成功 ...

2018-03-17 21:18:24,964 INFO     Lenovo     获取标题为<<【资源】缘之空+悠之空汉化免安装PC版>>的项成功 ...

2018-03-17 21:18:24,967 INFO     Lenovo     获取标题为<<我刚刚看完了缘之空，就下载了，贴吧，想把自己心中的淡淡伤感告>>的项成功 ...

2018-03-17 21:18:24,973 INFO     Lenovo     获取标题为<<开学了很伤心💔>>的项成功 ...

2018-03-17 21:18:24,979 INFO     Lenovo     获取标题为<<完虐蓝光的画质，原版碟>>的项成功 ...

2018-03-17 21:18:24,982 INFO     Lenovo     获取标题为<<【手绘】纸上の缘之空～>>的项成功 ...

2018-03-17 21:18:24,986 INFO     Lenovo     获取标题为<<有没有大佬有这张背景图啊！！！我给弄没了找不到了！！万分感谢>>的项成功 ...

2018-03-17 21:18:24,993 INFO     Lenovo     获取标题为<<吧里兄妹到底有没有成的？>>的项成功 ...

2018-03-17 21:18:24,996 INFO     Lenovo     获取标题为<<有谁知道缘之空游戏怎么进入穹线>>的项成功 ...

2018-03-17 21:18:25,000 INFO     Lenovo     获取标题为<<详细ons版教程>>的项成功 ...

2018-03-17 21:18:25,006 INFO     Lenovo     获取标题为<<【度盘】psp缘之空 iso>>的项成功 ...

2018-03-17 21:18:25,012 INFO     Lenovo     获取标题为<<【不定期更新】与远方妹妹的日常>>的项成功 ...

2018-03-17 21:18:25,016 INFO     Lenovo     获取标题为<<萌新提问>>的项成功 ...

2018-03-17 21:18:25,020 INFO     Lenovo     获取标题为<<关于缘之空更深层意义的一些理解>>的项成功 ...

2018-03-17 21:18:25,025 INFO     Lenovo     获取标题为<<黯痕谈《缘之空》动画——分析入手，多面介绍>>的项成功 ...

2018-03-17 21:18:25,029 INFO     Lenovo     获取标题为<<动漫中极具恋兄情节的十大妹纸>>的项成功 ...

2018-03-17 21:18:25,032 INFO     Lenovo     获取标题为<<让我在人生中出现多次第一次的这样一部作品=-=>>的项成功 ...

2018-03-17 21:18:25,036 INFO     Lenovo     获取标题为<<启程！追寻之旅。>>的项成功 ...

2018-03-17 21:18:25,042 INFO     Lenovo     获取标题为<<让我们来细数缘吧这么久以来的诸位人生赢家>>的项成功 ...

2018-03-17 21:18:25,046 INFO     Lenovo     获取标题为<<关于草莓叶成功攻略秀秀妹纸的贺电>>的项成功 ...

2018-03-17 21:18:25,053 INFO     Lenovo     获取标题为<<向着悠远的天穹，缘之空全线通关。>>的项成功 ...

2018-03-17 21:18:25,056 INFO     Lenovo     获取标题为<<萌新求助>>的项成功 ...

2018-03-17 21:18:25,062 INFO     Lenovo     获取标题为<<解说缘之空TVGAME和悠之空的GAME，内附大量图片和GIF，不定时更>>的项成功 ...

2018-03-17 21:18:25,071 INFO     Lenovo     获取标题为<<【福利】发个缘之空高清无修版全集+SP+背景音乐>>的项成功 ...

2018-03-17 21:18:25,075 INFO     Lenovo     获取标题为<<【参赛作品】渣绘的穹妹第二张>>的项成功 ...

2018-03-17 21:18:25,078 INFO     Lenovo     获取标题为<<笑顏の行方吉他谱现扒>>的项成功 ...

2018-03-17 21:18:25,084 INFO     Lenovo     获取标题为<<给妹妹定做穹的c服，结果。。。。>>的项成功 ...

2018-03-17 21:18:25,086 INFO     Lenovo     获取标题为<<听说这吧妹控很多，那我索性来报个到...>>的项成功 ...

2018-03-17 21:18:25,094 INFO     Lenovo     获取标题为<<【360云盘】缘之空游戏PC+安卓+动漫，悠之空游戏>>的项成功 ...

2018-03-17 21:18:47,203 INFO     Lenovo     Python 返回URUL:http://tieba.baidu.com/f?kw=缘之空&ie=utf-8&pn=200  数据成功

2018-03-17 21:18:47,525 INFO     Lenovo     获取标题为<<穹妹的抱枕起球球了>>的项成功 ...

2018-03-17 21:18:47,530 INFO     Lenovo     获取标题为<<穹妹最美>>的项成功 ...

2018-03-17 21:18:47,536 INFO     Lenovo     获取标题为<<【参赛作品】手绘穹妹~>>的项成功 ...

2018-03-17 21:18:47,540 INFO     Lenovo     获取标题为<<一直有个疑问>>的项成功 ...

2018-03-17 21:18:47,546 INFO     Lenovo     获取标题为<<【正片COS】缘之空——春日野悠：宅男/花嫁>>的项成功 ...

2018-03-17 21:18:47,551 INFO     Lenovo     获取标题为<<萌新求助动漫里的一句经典台词:我只会和需要我的人一起走下去，>>的项成功 ...

2018-03-17 21:18:47,558 INFO     Lenovo     获取标题为<<有大佬认识这是哪个网站么>>的项成功 ...

2018-03-17 21:18:47,562 INFO     Lenovo     获取标题为<<萌新提问>>的项成功 ...

2018-03-17 21:18:47,566 INFO     Lenovo     获取标题为<<穹妹的狐狸精！>>的项成功 ...

2018-03-17 21:18:47,575 INFO     Lenovo     获取标题为<<缘之空综合症晚期？>>的项成功 ...

2018-03-17 21:18:47,578 INFO     Lenovo     获取标题为<<德国骨科，英国法庭>>的项成功 ...

2018-03-17 21:18:47,584 INFO     Lenovo     获取标题为<<感人的表白就是没有人回我>>的项成功 ...

2018-03-17 21:18:47,588 INFO     Lenovo     获取标题为<<关于缘之空游戏的求助>>的项成功 ...

2018-03-17 21:18:47,594 INFO     Lenovo     获取标题为<<大佬，这个记录是什么意思>>的项成功 ...

2018-03-17 21:18:47,598 INFO     Lenovo     获取标题为<<二刷缘之空穹线没有致郁反而被治愈了>>的项成功 ...

2018-03-17 21:18:47,602 INFO     Lenovo     获取标题为<<动漫简直是太…… 前两集还把它看成纯爱番的我简直逊毙了，第七>>的项成功 ...

2018-03-17 21:18:47,609 INFO     Lenovo     获取标题为<<缘之空吧官方吧群创立啦~欢迎各位热爱缘之空的fans加入~>>的项成功 ...

2018-03-17 21:18:47,615 INFO     Lenovo     获取标题为<<来德骨我又回来了>>的项成功 ...

2018-03-17 21:18:47,619 INFO     Lenovo     获取标题为<<『苍穹悠尽』    缘之空情侣头像，自截。   ——白尘。>>的项成功 ...

2018-03-17 21:18:47,625 INFO     Lenovo     获取标题为<<特别喜欢穹妹啊。你更喜欢这部番的BGM。虽然说还是觉得这部番>>的项成功 ...

2018-03-17 21:18:47,631 INFO     Lenovo     获取标题为<<求缘之空psp版网盘>>的项成功 ...

2018-03-17 21:18:47,635 INFO     Lenovo     获取标题为<<图解《悠之空》，不定期更新>>的项成功 ...

2018-03-17 21:18:47,641 INFO     Lenovo     获取标题为<<刚刚看完缘之空，对此我有一种莫名的抑郁感，但是对于悠与穹的未>>的项成功 ...

2018-03-17 21:18:47,647 INFO     Lenovo     获取标题为<<额这部动画颠覆了我的世界观>>的项成功 ...

2018-03-17 21:18:47,654 INFO     Lenovo     获取标题为<<给大家推荐一个动漫，叫我的妹妹是美国人很有意思的动漫，新出的>>的项成功 ...

2018-03-17 21:18:47,658 INFO     Lenovo     获取标题为<<吧友们，我在B站传了缘之空的角色歌，op/ed，还有pv，1>>的项成功 ...

2018-03-17 21:18:47,664 INFO     Lenovo     获取标题为<<分享：观看缘之空后的感想>>的项成功 ...

2018-03-17 21:18:47,668 INFO     Lenovo     获取标题为<<『漫画推荐』测不准的阿波连同学>>的项成功 ...

2018-03-17 21:18:47,676 INFO     Lenovo     获取标题为<<德骨床位帮我预定一个，德骨，没想到我年纪轻轻，就得进德骨>>的项成功 ...

2018-03-17 21:18:47,680 INFO     Lenovo     获取标题为<<关于缘之空结尾的悲剧>>的项成功 ...

2018-03-17 21:18:47,684 INFO     Lenovo     获取标题为<<你们对里面H画面有什么看法>>的项成功 ...

2018-03-17 21:18:47,693 INFO     Lenovo     获取标题为<<我怎么突然觉得后面那兔子好可怜>>的项成功 ...

2018-03-17 21:18:47,697 INFO     Lenovo     获取标题为<<怎么办，我也不知道怎么办>>的项成功 ...

2018-03-17 21:18:47,700 INFO     Lenovo     获取标题为<<好像确定我妹妹对我有特别的感情了>>的项成功 ...

2018-03-17 21:18:47,707 INFO     Lenovo     获取标题为<<缘之空钢琴现场演奏，有妹恨妹不是穹，无妹恨穹不是妹。>>的项成功 ...

2018-03-17 21:18:47,711 INFO     Lenovo     获取标题为<<求这两张的高清大图，懂的印床单>>的项成功 ...

2018-03-17 21:18:47,716 INFO     Lenovo     获取标题为<<真心羡慕穹妹有个好哥哥，五河琴里就没穹妹那么好命！>>的项成功 ...

2018-03-17 21:18:47,721 INFO     Lenovo     获取标题为<<求助ios怎么玩缘之空手游啊>>的项成功 ...

2018-03-17 21:18:47,726 INFO     Lenovo     获取标题为<<回家和妹妹过年啦>>的项成功 ...

2018-03-17 21:18:47,733 INFO     Lenovo     获取标题为<<有人知道国产的体操服怎么脱bra吗>>的项成功 ...

2018-03-17 21:18:47,737 INFO     Lenovo     获取标题为<<缘之空&悠之空CG[115永久]>>的项成功 ...

2018-03-17 21:18:47,743 INFO     Lenovo     获取标题为<<缘之空，电脑自制动态桌面>>的项成功 ...

2018-03-17 21:18:47,747 INFO     Lenovo     获取标题为<<黑历史起源。还有人认得我吗？>>的项成功 ...

2018-03-17 21:18:47,753 INFO     Lenovo     获取标题为<<第一次做MAD在B站发生惨案>>的项成功 ...

2018-03-17 21:18:47,757 INFO     Lenovo     获取标题为<<姑且算是圣地巡礼吧>>的项成功 ...

2018-03-17 21:18:47,763 INFO     Lenovo     获取标题为<<【外交】Kanon吧为您带来元宵节的祝福！>>的项成功 ...

2018-03-17 21:18:47,769 INFO     Lenovo     获取标题为<<穹妹生日快乐！《和风穹语》手办正式公布！>>的项成功 ...

2018-03-17 21:18:47,776 INFO     Lenovo     获取标题为<<都特么给老娘停....>>的项成功 ...

2018-03-17 21:18:47,779 INFO     Lenovo     获取标题为<<听听故事吗，和妹妹的故事>>的项成功 ...

2018-03-17 21:18:47,785 INFO     Lenovo     标题为<<(若晗)我是不是用小号注册了个神id>>的项输入到"缘之空.txt"成功

2018-03-17 21:18:47,786 INFO     Lenovo     标题为<<【真爱】这里是 春日野穹 的真爱贴，喜欢穹妹的天天来顶啊~>>的项输入到"缘之空.txt"成功

2018-03-17 21:18:47,792 INFO     Lenovo     标题为<<(若晗)诶嘿嘿>>的项输入到"缘之空.txt"成功

2018-03-17 21:18:47,796 INFO     Lenovo     标题为<<有妹的同志们来做个实验>>的项输入到"缘之空.txt"成功

2018-03-17 21:18:47,801 INFO     Lenovo     标题为<<向妹妹表白了……现在心里很乱>>的项输入到"缘之空.txt"成功

2018-03-17 21:18:47,803 INFO     Lenovo     标题为<<★官方吧群★缘之空吧官方吧群开通啦~欢迎各路神仙，小姐姐加入！>>的项输入到"缘之空.txt"成功

2018-03-17 21:18:47,809 INFO     Lenovo     标题为<<给大家讲一个我身边发生的神奇故事>>的项输入到"缘之空.txt"成功

2018-03-17 21:18:47,813 INFO     Lenovo     标题为<<大月喵神教，需要祭天的时候，就宰猫吧。。。>>的项输入到"缘之空.txt"成功

2018-03-17 21:18:47,818 INFO     Lenovo     标题为<<为什么悠看见穹手淫“感动”了吾>>的项输入到"缘之空.txt"成功

2018-03-17 21:18:47,821 INFO     Lenovo     标题为<<【长期更新】分享一下我和我妹的故事吧>>的项输入到"缘之空.txt"成功

2018-03-17 21:18:47,825 INFO     Lenovo     标题为<<穹妹手机壁纸>>的项输入到"缘之空.txt"成功

2018-03-17 21:18:47,829 INFO     Lenovo     标题为<<妹，你是哥上辈子积累的福分，哥会永远的守护你。>>的项输入到"缘之空.txt"成功

2018-03-17 21:18:47,834 INFO     Lenovo     标题为<<终于到了…运费接近书一半的价钱…>>的项输入到"缘之空.txt"成功

2018-03-17 21:18:47,836 INFO     Lenovo     标题为<<这是什么？有卖的吗？>>的项输入到"缘之空.txt"成功

2018-03-17 21:18:47,842 INFO     Lenovo     标题为<<【龟速直播】妹控哥哥和兄控妹妹的温馨日常>>的项输入到"缘之空.txt"成功

2018-03-17 21:18:47,848 INFO     Lenovo     标题为<<【重置版】当我发现妹妹的秘密之后>>的项输入到"缘之空.txt"成功

2018-03-17 21:18:47,852 INFO     Lenovo     标题为<<看缘之空中毒的吧友进来>>的项输入到"缘之空.txt"成功

2018-03-17 21:18:47,857 INFO     Lenovo     标题为<<有小可爱有这个头像的另一半吗？>>的项输入到"缘之空.txt"成功

2018-03-17 21:18:47,861 INFO     Lenovo     标题为<<【参赛作品】2   这次加了字幕画面尽量配合歌词(*****>>的项输入到"缘之空.txt"成功

2018-03-17 21:18:47,865 INFO     Lenovo     标题为<<悠的爷爷没死？？？>>的项输入到"缘之空.txt"成功

2018-03-17 21:18:47,868 INFO     Lenovo     标题为<<『缘之空ONS手机版详细教程』针对萌新的详细教程>>的项输入到"缘之空.txt"成功

2018-03-17 21:18:47,871 INFO     Lenovo     标题为<<生日快乐，小穹>>的项输入到"缘之空.txt"成功

2018-03-17 21:18:47,878 INFO     Lenovo     标题为<<缘之空 感谢有你>>的项输入到"缘之空.txt"成功

2018-03-17 21:18:47,881 INFO     Lenovo     标题为<<戏言——死与新生>>的项输入到"缘之空.txt"成功

2018-03-17 21:18:47,891 INFO     Lenovo     标题为<<【真爱】这是顶天女目瑛的专门贴，喜欢瑛的天天来顶啊~>>的项输入到"缘之空.txt"成功

2018-03-17 21:18:47,895 INFO     Lenovo     标题为<<想水帖升级却不知道用什么理由水……呐你们猜猜……我这是睡得迟>>的项输入到"缘之空.txt"成功

2018-03-17 21:18:47,900 INFO     Lenovo     标题为<<【真爱】这里是顶依媛奈绪的专门贴，喜欢邻家大姐姐的天天来顶啊>>的项输入到"缘之空.txt"成功

2018-03-17 21:18:47,910 INFO     Lenovo     标题为<<【真爱】这是顶仓永梢的专门贴，喜欢班长妹子的天天来顶啊！！！>>的项输入到"缘之空.txt"成功

2018-03-17 21:18:47,918 INFO     Lenovo     标题为<<【真爱】这是顶乃木板初佳的专门贴，喜欢的初佳小姐的天天来顶呀~~>>的项输入到"缘之空.txt"成功

2018-03-17 21:18:47,921 INFO     Lenovo     标题为<<【真爱】这是顶春日野悠的专门贴，喜欢的悠哥的天天来顶呀。。>>的项输入到"缘之空.txt"成功

2018-03-17 21:18:47,927 INFO     Lenovo     标题为<<【真爱】这里是 渚一叶 的真爱贴，喜欢大小姐的天天来顶啊~>>的项输入到"缘之空.txt"成功

2018-03-17 21:18:47,930 INFO     Lenovo     标题为<<悠之空个缘之空有什么区别？>>的项输入到"缘之空.txt"成功

2018-03-17 21:18:47,934 INFO     Lenovo     标题为<<第一次cos 献给爱的穹妹💕>>的项输入到"缘之空.txt"成功

2018-03-17 21:18:47,937 INFO     Lenovo     标题为<<『萌物安利』梦梦奈了解一下>>的项输入到"缘之空.txt"成功

2018-03-17 21:18:47,940 INFO     Lenovo     标题为<<动漫中十个让人心疼的女配角>>的项输入到"缘之空.txt"成功

2018-03-17 21:18:47,947 INFO     Lenovo     标题为<<提个问。吧里不让发cos？？？>>的项输入到"缘之空.txt"成功

2018-03-17 21:18:47,950 INFO     Lenovo     标题为<<突然想图解缘之空游戏，不为什么就是想，龟速更新，但不会弃坑>>的项输入到"缘之空.txt"成功

2018-03-17 21:18:47,953 INFO     Lenovo     标题为<<图解悠之空>>的项输入到"缘之空.txt"成功

2018-03-17 21:18:47,957 INFO     Lenovo     标题为<<我与妹妹的日常>>的项输入到"缘之空.txt"成功

2018-03-17 21:18:47,960 INFO     Lenovo     标题为<<想和穹妹说晚安的天天来说～>>的项输入到"缘之空.txt"成功

2018-03-17 21:18:47,963 INFO     Lenovo     标题为<<看缘之空动漫被表妹看到>>的项输入到"缘之空.txt"成功

2018-03-17 21:18:47,967 INFO     Lenovo     标题为<<【不是小说】昨天给分手很久的妹妹发了条短信>>的项输入到"缘之空.txt"成功

2018-03-17 21:18:47,970 INFO     Lenovo     标题为<<什什什么？！！吧主怎么就一个人了，无辜希呢？>>的项输入到"缘之空.txt"成功

2018-03-17 21:18:47,976 INFO     Lenovo     标题为<<求悠哥的高清头像，列如这种[下图][表示被悠哥圈粉]>>的项输入到"缘之空.txt"成功

2018-03-17 21:18:47,980 INFO     Lenovo     标题为<<悠与穹，在那苍穹的尽头，向着悠远的天穹朝着未来前行吧，祝你们>>的项输入到"缘之空.txt"成功

2018-03-17 21:18:47,983 INFO     Lenovo     标题为<<溜达溜达溜达溜达溜，没有我眼熟的了。>>的项输入到"缘之空.txt"成功

2018-03-17 21:18:47,986 INFO     Lenovo     标题为<<[原創]無題>>的项输入到"缘之空.txt"成功

2018-03-17 21:18:47,990 INFO     Lenovo     标题为<<缘之空的CG>>的项输入到"缘之空.txt"成功

2018-03-17 21:18:47,993 INFO     Lenovo     标题为<<《Re:0》剧场版ova上映决定，第二季有望？>>的项输入到"缘之空.txt"成功

2018-03-17 21:18:47,996 INFO     Lenovo     标题为<<求原图>>的项输入到"缘之空.txt"成功

2018-03-17 21:18:47,999 INFO     Lenovo     标题为<<随便说说我和妹妹的故事吧>>的项输入到"缘之空.txt"成功

2018-03-17 21:18:48,003 INFO     Lenovo     标题为<<【来秀恩爱】跟哥哥在一起最幸福啦!>>的项输入到"缘之空.txt"成功

2018-03-17 21:18:48,006 INFO     Lenovo     标题为<<《和风穹语》和服穹妹手办-秦雨田2(石粉粘土)>>的项输入到"缘之空.txt"成功

2018-03-17 21:18:48,010 INFO     Lenovo     标题为<<妹妹给我寄了一个快递 有点慌了>>的项输入到"缘之空.txt"成功

2018-03-17 21:18:48,013 INFO     Lenovo     标题为<<缘之空游戏怎么玩的，怎么感觉是>>的项输入到"缘之空.txt"成功

2018-03-17 21:18:48,016 INFO     Lenovo     标题为<<【参赛作品】散文《有情花的滋味》加手绘穹妹>>的项输入到"缘之空.txt"成功

2018-03-17 21:18:48,022 INFO     Lenovo     标题为<<求缘之空音乐钢琴谱>>的项输入到"缘之空.txt"成功

2018-03-17 21:18:48,026 INFO     Lenovo     标题为<<[龟速直播]如何让妹妹爱上！自己>>的项输入到"缘之空.txt"成功

2018-03-17 21:18:48,029 INFO     Lenovo     标题为<<忙了一整天，终于搞好了缘之空游戏，现在才想起来打算庆祝（氵）>>的项输入到"缘之空.txt"成功

2018-03-17 21:18:48,032 INFO     Lenovo     标题为<<问一下，就是我下载好了缘之空的ons游戏，但是进去之后就是会>>的项输入到"缘之空.txt"成功

2018-03-17 21:18:48,036 INFO     Lenovo     标题为<<问一下各位大佬，缘之空游戏在手机上怎么玩？(告诉些实用的)>>的项输入到"缘之空.txt"成功

2018-03-17 21:18:48,039 INFO     Lenovo     标题为<<【伪·直播】穹妹手办开箱>>的项输入到"缘之空.txt"成功

2018-03-17 21:18:48,042 INFO     Lenovo     标题为<<【COS正片】我的哥哥在哪里>>的项输入到"缘之空.txt"成功

2018-03-17 21:18:48,046 INFO     Lenovo     标题为<<【cos正片】#缘之空——旗袍穹妹# coser: @樱沐子>>的项输入到"缘之空.txt"成功

2018-03-17 21:18:48,049 INFO     Lenovo     标题为<<【参赛作品】原创手绘~第5年的庆生图>>的项输入到"缘之空.txt"成功

2018-03-17 21:18:48,053 INFO     Lenovo     标题为<<直播图解缘之空（找不到资源的小伙伴有福啦～）>>的项输入到"缘之空.txt"成功

2018-03-17 21:18:48,059 INFO     Lenovo     标题为<<国家欠我一个妹妹，现在终于给我了>>的项输入到"缘之空.txt"成功

2018-03-17 21:18:48,062 INFO     Lenovo     标题为<<情不知所起，一往而深>>的项输入到"缘之空.txt"成功

2018-03-17 21:18:48,065 INFO     Lenovo     标题为<<缘之空3D化工程进度搬运贴
【已授权转载】>>的项输入到"缘之空.txt"成功

2018-03-17 21:18:48,075 INFO     Lenovo     标题为<<落叶故事之懒散的一天>>的项输入到"缘之空.txt"成功

2018-03-17 21:18:48,078 INFO     Lenovo     标题为<<【资源】缘之空穹妹CG图集打包>>的项输入到"缘之空.txt"成功

2018-03-17 21:18:48,082 INFO     Lenovo     标题为<<求另一半，在线等>>的项输入到"缘之空.txt"成功

2018-03-17 21:18:48,085 INFO     Lenovo     标题为<<1月日本Amazon新番排名>>的项输入到"缘之空.txt"成功

2018-03-17 21:18:48,088 INFO     Lenovo     标题为<<『动漫人物名字读音扫盲』我神隐来教你怎么读汉字>>的项输入到"缘之空.txt"成功

2018-03-17 21:18:48,094 INFO     Lenovo     标题为<<感动，缘之空的官方漫画今天终于到了>>的项输入到"缘之空.txt"成功

2018-03-17 21:18:48,096 INFO     Lenovo     标题为<<我发现我实在找不到比悠更帅的男主>>的项输入到"缘之空.txt"成功

2018-03-17 21:18:48,099 INFO     Lenovo     标题为<<求缘之空记忆的尤克里里指弹谱>>的项输入到"缘之空.txt"成功

2018-03-17 21:18:48,104 INFO     Lenovo     标题为<<我的好妹妹>>的项输入到"缘之空.txt"成功

2018-03-17 21:18:48,107 INFO     Lenovo     标题为<<哇十周年活动二等奖到啦悠哥彻底被挡住了>>的项输入到"缘之空.txt"成功

2018-03-17 21:18:48,111 INFO     Lenovo     标题为<<嗯……突发奇想想问问吧友们，如果你现在穿越到小时候，会怎么培>>的项输入到"缘之空.txt"成功

2018-03-17 21:18:48,114 INFO     Lenovo     标题为<<春日野悠和渚一叶没发生关系吧，>>的项输入到"缘之空.txt"成功

2018-03-17 21:18:48,117 INFO     Lenovo     标题为<<【伪科普】穹妹周边补完计划>>的项输入到"缘之空.txt"成功

2018-03-17 21:18:48,119 INFO     Lenovo     标题为<<你们觉得用穹妹那张图片做输入法皮肤比较好？>>的项输入到"缘之空.txt"成功

2018-03-17 21:18:48,124 INFO     Lenovo     标题为<<请问缘之空现在还有bd或1080p的吗>>的项输入到"缘之空.txt"成功

2018-03-17 21:18:48,127 INFO     Lenovo     标题为<<转自内涵段子（好想要个妹妹啊）>>的项输入到"缘之空.txt"成功

2018-03-17 21:18:48,132 INFO     Lenovo     标题为<<『萌新找图软件安利』萌新不会找图可以使用这款软件>>的项输入到"缘之空.txt"成功

2018-03-17 21:18:48,135 INFO     Lenovo     标题为<<可耻的做一次伸手党>>的项输入到"缘之空.txt"成功

2018-03-17 21:18:48,140 INFO     Lenovo     标题为<<再看一遍吧>>的项输入到"缘之空.txt"成功

2018-03-17 21:18:48,144 INFO     Lenovo     标题为<<已经快八年了祝他们99>>的项输入到"缘之空.txt"成功

2018-03-17 21:18:48,147 INFO     Lenovo     标题为<<这一幕，很眼熟>>的项输入到"缘之空.txt"成功

2018-03-17 21:18:48,151 INFO     Lenovo     标题为<<作为一个有亲妹妹的人，我第一次后悔看无修版的>>的项输入到"缘之空.txt"成功

2018-03-17 21:18:48,157 INFO     Lenovo     标题为<<虽然动漫看过了但是我还是优先选择穹妹线🌚>>的项输入到"缘之空.txt"成功

2018-03-17 21:18:48,160 INFO     Lenovo     标题为<<我哥哥让我看的缘之空>>的项输入到"缘之空.txt"成功

2018-03-17 21:18:48,164 INFO     Lenovo     标题为<<看完缘之空得抑郁症的进来评论a>>的项输入到"缘之空.txt"成功

2018-03-17 21:18:48,167 INFO     Lenovo     标题为<<【长篇连载】为了追赶上她而努力学习！>>的项输入到"缘之空.txt"成功

2018-03-17 21:18:48,171 INFO     Lenovo     标题为<<晒晒爱车 不喜勿喷>>的项输入到"缘之空.txt"成功

2018-03-17 21:18:48,176 INFO     Lenovo     标题为<<苦等了好几年！终于可能有第二季>>的项输入到"缘之空.txt"成功

2018-03-17 21:18:48,178 INFO     Lenovo     标题为<<【缘之空bgm第三弹·old memory】【渣混】>>的项输入到"缘之空.txt"成功

2018-03-17 21:18:48,183 INFO     Lenovo     标题为<<缘之空开头曲，用吉他弹得  ，技术很牛！>>的项输入到"缘之空.txt"成功

2018-03-17 21:18:48,186 INFO     Lenovo     标题为<<想问问大佬们，缘之空和悠之空的区别，和悠之空的剧情。缘之空看>>的项输入到"缘之空.txt"成功

2018-03-17 21:18:48,190 INFO     Lenovo     标题为<<直播奥木染圣地巡礼>>的项输入到"缘之空.txt"成功

2018-03-17 21:18:48,193 INFO     Lenovo     标题为<<【获奖名单】悠穹生日祭暨缘之空十周年活动获奖名单>>的项输入到"缘之空.txt"成功

2018-03-17 21:18:48,196 INFO     Lenovo     标题为<<有俩个妹妹的我是一种什么体验哈哈哈哈>>的项输入到"缘之空.txt"成功

2018-03-17 21:18:48,198 INFO     Lenovo     标题为<<【资源】缘之空ons资源发放>>的项输入到"缘之空.txt"成功

2018-03-17 21:18:48,203 INFO     Lenovo     标题为<<为毛我的缘之空ons版字母是这个样子？！>>的项输入到"缘之空.txt"成功

2018-03-17 21:18:48,207 INFO     Lenovo     标题为<<你们最喜欢穹妹的那个瞬间>>的项输入到"缘之空.txt"成功

2018-03-17 21:18:48,211 INFO     Lenovo     标题为<<缘之空漫画>>的项输入到"缘之空.txt"成功

2018-03-17 21:18:48,214 INFO     Lenovo     标题为<<[秀一波]我的妹妹真的是超级可爱呢。应该有人记得我，当时跟妹>>的项输入到"缘之空.txt"成功

2018-03-17 21:18:48,217 INFO     Lenovo     标题为<<萌新提问>>的项输入到"缘之空.txt"成功

2018-03-17 21:18:48,220 INFO     Lenovo     标题为<<二次元vs三次元，奥木染vs箱根町，缘之空的现实舞台！！>>的项输入到"缘之空.txt"成功

2018-03-17 21:18:48,226 INFO     Lenovo     标题为<<【参赛作品】手绘悠穹3张>>的项输入到"缘之空.txt"成功

2018-03-17 21:18:48,229 INFO     Lenovo     标题为<<【资源】缘之空完整硬盘版下载>>的项输入到"缘之空.txt"成功

2018-03-17 21:18:48,232 INFO     Lenovo     标题为<<galgame缘之空一周目感想>>的项输入到"缘之空.txt"成功

2018-03-17 21:18:48,234 INFO     Lenovo     标题为<<大家缘之空和悠之空的游戏都是在哪下的啊？>>的项输入到"缘之空.txt"成功

2018-03-17 21:18:48,240 INFO     Lenovo     标题为<<【clover day's】>>的项输入到"缘之空.txt"成功

2018-03-17 21:18:48,243 INFO     Lenovo     标题为<<我竟然在B站看缘之空？!>>的项输入到"缘之空.txt"成功

2018-03-17 21:18:48,246 INFO     Lenovo     标题为<<我的穹妹定制手机壳到了。>>的项输入到"缘之空.txt"成功

2018-03-17 21:18:48,250 INFO     Lenovo     标题为<<【自截图，有h慎入】仰望苍穹>>的项输入到"缘之空.txt"成功

2018-03-17 21:18:48,256 INFO     Lenovo     标题为<<漫画到货。。。>>的项输入到"缘之空.txt"成功

2018-03-17 21:18:48,259 INFO     Lenovo     标题为<<解析缘之空动漫结局！>>的项输入到"缘之空.txt"成功

2018-03-17 21:18:48,263 INFO     Lenovo     标题为<<昨晚和我妹开个玩笑结果扎心了。>>的项输入到"缘之空.txt"成功

2018-03-17 21:18:48,266 INFO     Lenovo     标题为<<我想挨一顿毒打.jpg>>的项输入到"缘之空.txt"成功

2018-03-17 21:18:48,269 INFO     Lenovo     标题为<<[150429][度盘]522部汉化galgame合集+整理文档（915.7G）>>的项输入到"缘之空.txt"成功

2018-03-17 21:18:48,273 INFO     Lenovo     标题为<<叔叔不约程序，陌生人看见德骨的反应是什么>>的项输入到"缘之空.txt"成功

2018-03-17 21:18:48,276 INFO     Lenovo     标题为<<【小福利】缘之空穹妹〖超清〗截图>>的项输入到"缘之空.txt"成功

2018-03-17 21:18:48,280 INFO     Lenovo     标题为<<Looking back on 2017>>的项输入到"缘之空.txt"成功

2018-03-17 21:18:48,283 INFO     Lenovo     标题为<<不知道大家如何看待缘之空的动漫版>>的项输入到"缘之空.txt"成功

2018-03-17 21:18:48,288 INFO     Lenovo     标题为<<对缘之空结局的深解>>的项输入到"缘之空.txt"成功

2018-03-17 21:18:48,293 INFO     Lenovo     标题为<<提一个小问题>>的项输入到"缘之空.txt"成功

2018-03-17 21:18:48,296 INFO     Lenovo     标题为<<如何用手机玩缘之空？>>的项输入到"缘之空.txt"成功

2018-03-17 21:18:48,299 INFO     Lenovo     标题为<<喜欢琼妹~刚刚看完，不太明白男主…是同时和很多人有关系吗？>>的项输入到"缘之空.txt"成功

2018-03-17 21:18:48,302 INFO     Lenovo     标题为<<缘之空真正结局，内附ons模拟器使用方法>>的项输入到"缘之空.txt"成功

2018-03-17 21:18:48,306 INFO     Lenovo     标题为<<只有我觉得动漫的穹妹更好看吗  - 。->>的项输入到"缘之空.txt"成功

2018-03-17 21:18:48,309 INFO     Lenovo     标题为<<【招贤纳士】缘之空吧吧务招募>>的项输入到"缘之空.txt"成功

2018-03-17 21:18:48,312 INFO     Lenovo     标题为<<《缘之空》psp攻略完成了。>>的项输入到"缘之空.txt"成功

2018-03-17 21:18:48,315 INFO     Lenovo     标题为<<【缘之空】发现个好玩的小游戏，于是忍不住前来水帖>>的项输入到"缘之空.txt"成功

2018-03-17 21:18:48,319 INFO     Lenovo     标题为<<去箱根神社巡礼了>>的项输入到"缘之空.txt"成功

2018-03-17 21:18:48,322 INFO     Lenovo     标题为<<自制的一个穹与悠的amv>>的项输入到"缘之空.txt"成功

2018-03-17 21:18:48,325 INFO     Lenovo     标题为<<【龟速更新】我与妹妹二三事>>的项输入到"缘之空.txt"成功

2018-03-17 21:18:48,329 INFO     Lenovo     标题为<<[依然诚哥]  在吗？？在的话可以进来下不>>的项输入到"缘之空.txt"成功

2018-03-17 21:18:48,334 INFO     Lenovo     标题为<<多次剪辑重制了一遍，画质什么的就算了吧。至于那个码em>>的项输入到"缘之空.txt"成功

2018-03-17 21:18:48,336 INFO     Lenovo     标题为<<和妹妹在日本的旅游日常>>的项输入到"缘之空.txt"成功

2018-03-17 21:18:48,338 INFO     Lenovo     标题为<<【MORA自购】[160921]缘之空主题歌&原声集OST[Hi-Res]>>的项输入到"缘之空.txt"成功

2018-03-17 21:18:48,344 INFO     Lenovo     标题为<<不知道先看动漫还是先玩游戏好>>的项输入到"缘之空.txt"成功

2018-03-17 21:18:48,348 INFO     Lenovo     标题为<<穹妹的告白>>的项输入到"缘之空.txt"成功

2018-03-17 21:18:48,351 INFO     Lenovo     标题为<<求穹妹高清壁纸和QQ头像啊！跪谢大佬们>>的项输入到"缘之空.txt"成功

2018-03-17 21:18:48,355 INFO     Lenovo     标题为<<诸位绅士今年收了多少压岁钱>>的项输入到"缘之空.txt"成功

2018-03-17 21:18:48,358 INFO     Lenovo     标题为<<求这张穹妹的高清原图>>的项输入到"缘之空.txt"成功

2018-03-17 21:18:48,361 INFO     Lenovo     标题为<<吧里有为了悠看缘之空的吗……可能大多数都是为了穹吧，再一次回>>的项输入到"缘之空.txt"成功

2018-03-17 21:18:48,365 INFO     Lenovo     标题为<<求出处，万分感谢各位老爷>>的项输入到"缘之空.txt"成功

2018-03-17 21:18:48,368 INFO     Lenovo     标题为<<妹系galgame总结推荐>>的项输入到"缘之空.txt"成功

2018-03-17 21:18:48,374 INFO     Lenovo     标题为<<新人，发一帖吧，不想让自己的感受与世沉沦了。>>的项输入到"缘之空.txt"成功

2018-03-17 21:18:48,378 INFO     Lenovo     标题为<<吧务组日常>>的项输入到"缘之空.txt"成功

2018-03-17 21:18:48,381 INFO     Lenovo     标题为<<额，有没有大佬教一下怎么勾搭哥哥的>>的项输入到"缘之空.txt"成功

2018-03-17 21:18:48,384 INFO     Lenovo     标题为<<你们谁知道德骨出处那个小哥和他妹妹现在怎么样了>>的项输入到"缘之空.txt"成功

2018-03-17 21:18:48,387 INFO     Lenovo     标题为<<TV12集和DVD版的一点不同。。>>的项输入到"缘之空.txt"成功

2018-03-17 21:18:48,391 INFO     Lenovo     标题为<<话说大家都是缘之空入妹坑？最近有妹妹的番大家又看了多少了？>>的项输入到"缘之空.txt"成功

2018-03-17 21:18:48,394 INFO     Lenovo     标题为<<其实看第十集我是挺心疼的>>的项输入到"缘之空.txt"成功

2018-03-17 21:18:48,398 INFO     Lenovo     标题为<<【转】妹妹从日本回来非要和我睡>>的项输入到"缘之空.txt"成功

2018-03-17 21:18:48,401 INFO     Lenovo     标题为<<求一个电脑的win7主题，穹妹的>>的项输入到"缘之空.txt"成功

2018-03-17 21:18:48,404 INFO     Lenovo     标题为<<有妹恨妹不成穹，无妹恨穹不是妹。>>的项输入到"缘之空.txt"成功

2018-03-17 21:18:48,407 INFO     Lenovo     标题为<<其实我真的不知道该怎么办！>>的项输入到"缘之空.txt"成功

2018-03-17 21:18:48,411 INFO     Lenovo     标题为<<某个手游（魔灵召唤）招了悠哥穹妹出来>>的项输入到"缘之空.txt"成功

2018-03-17 21:18:48,414 INFO     Lenovo     标题为<<缘之空的四个故事 我只喜欢一个>>的项输入到"缘之空.txt"成功

2018-03-17 21:18:48,417 INFO     Lenovo     标题为<<求穹妹高清图片，拿来做头像，谢>>的项输入到"缘之空.txt"成功

2018-03-17 21:18:48,421 INFO     Lenovo     标题为<<各位知道这张图哪来的吗？>>的项输入到"缘之空.txt"成功

2018-03-17 21:18:48,424 INFO     Lenovo     标题为<<差6jy到11j>>的项输入到"缘之空.txt"成功

2018-03-17 21:18:48,427 INFO     Lenovo     标题为<<哪位dalao有这张图的高清图，求>>的项输入到"缘之空.txt"成功

2018-03-17 21:18:48,430 INFO     Lenovo     标题为<<［一本正经的胡说八道］系列1>>的项输入到"缘之空.txt"成功

2018-03-17 21:18:48,434 INFO     Lenovo     标题为<<【资源】缘之空+悠之空汉化免安装PC版>>的项输入到"缘之空.txt"成功

2018-03-17 21:18:48,437 INFO     Lenovo     标题为<<我刚刚看完了缘之空，就下载了，贴吧，想把自己心中的淡淡伤感告>>的项输入到"缘之空.txt"成功

2018-03-17 21:18:48,441 INFO     Lenovo     标题为<<开学了很伤心💔>>的项输入到"缘之空.txt"成功

2018-03-17 21:18:48,444 INFO     Lenovo     标题为<<完虐蓝光的画质，原版碟>>的项输入到"缘之空.txt"成功

2018-03-17 21:18:48,447 INFO     Lenovo     标题为<<【手绘】纸上の缘之空～>>的项输入到"缘之空.txt"成功

2018-03-17 21:18:48,453 INFO     Lenovo     标题为<<有没有大佬有这张背景图啊！！！我给弄没了找不到了！！万分感谢>>的项输入到"缘之空.txt"成功

2018-03-17 21:18:48,460 INFO     Lenovo     标题为<<吧里兄妹到底有没有成的？>>的项输入到"缘之空.txt"成功

2018-03-17 21:18:48,463 INFO     Lenovo     标题为<<有谁知道缘之空游戏怎么进入穹线>>的项输入到"缘之空.txt"成功

2018-03-17 21:18:48,466 INFO     Lenovo     标题为<<详细ons版教程>>的项输入到"缘之空.txt"成功

2018-03-17 21:18:48,469 INFO     Lenovo     标题为<<【度盘】psp缘之空 iso>>的项输入到"缘之空.txt"成功

2018-03-17 21:18:48,471 INFO     Lenovo     标题为<<【不定期更新】与远方妹妹的日常>>的项输入到"缘之空.txt"成功

2018-03-17 21:18:48,476 INFO     Lenovo     标题为<<萌新提问>>的项输入到"缘之空.txt"成功

2018-03-17 21:18:48,479 INFO     Lenovo     标题为<<关于缘之空更深层意义的一些理解>>的项输入到"缘之空.txt"成功

2018-03-17 21:18:48,482 INFO     Lenovo     标题为<<黯痕谈《缘之空》动画——分析入手，多面介绍>>的项输入到"缘之空.txt"成功

2018-03-17 21:18:48,486 INFO     Lenovo     标题为<<动漫中极具恋兄情节的十大妹纸>>的项输入到"缘之空.txt"成功

2018-03-17 21:18:48,490 INFO     Lenovo     标题为<<让我在人生中出现多次第一次的这样一部作品=-=>>的项输入到"缘之空.txt"成功

2018-03-17 21:18:48,494 INFO     Lenovo     标题为<<启程！追寻之旅。>>的项输入到"缘之空.txt"成功

2018-03-17 21:18:48,497 INFO     Lenovo     标题为<<让我们来细数缘吧这么久以来的诸位人生赢家>>的项输入到"缘之空.txt"成功

2018-03-17 21:18:48,516 INFO     Lenovo     标题为<<关于草莓叶成功攻略秀秀妹纸的贺电>>的项输入到"缘之空.txt"成功

2018-03-17 21:18:48,520 INFO     Lenovo     标题为<<向着悠远的天穹，缘之空全线通关。>>的项输入到"缘之空.txt"成功

2018-03-17 21:18:48,526 INFO     Lenovo     标题为<<萌新求助>>的项输入到"缘之空.txt"成功

2018-03-17 21:18:48,532 INFO     Lenovo     标题为<<解说缘之空TVGAME和悠之空的GAME，内附大量图片和GIF，不定时更>>的项输入到"缘之空.txt"成功

2018-03-17 21:18:48,533 INFO     Lenovo     标题为<<【福利】发个缘之空高清无修版全集+SP+背景音乐>>的项输入到"缘之空.txt"成功

2018-03-17 21:18:48,538 INFO     Lenovo     标题为<<【参赛作品】渣绘的穹妹第二张>>的项输入到"缘之空.txt"成功

2018-03-17 21:18:48,542 INFO     Lenovo     标题为<<笑顏の行方吉他谱现扒>>的项输入到"缘之空.txt"成功

2018-03-17 21:18:48,545 INFO     Lenovo     标题为<<给妹妹定做穹的c服，结果。。。。>>的项输入到"缘之空.txt"成功

2018-03-17 21:18:48,549 INFO     Lenovo     标题为<<听说这吧妹控很多，那我索性来报个到...>>的项输入到"缘之空.txt"成功

2018-03-17 21:18:48,552 INFO     Lenovo     标题为<<【360云盘】缘之空游戏PC+安卓+动漫，悠之空游戏>>的项输入到"缘之空.txt"成功

2018-03-17 21:18:48,555 INFO     Lenovo     标题为<<穹妹的抱枕起球球了>>的项输入到"缘之空.txt"成功

2018-03-17 21:18:48,559 INFO     Lenovo     标题为<<穹妹最美>>的项输入到"缘之空.txt"成功

2018-03-17 21:18:48,562 INFO     Lenovo     标题为<<【参赛作品】手绘穹妹~>>的项输入到"缘之空.txt"成功

2018-03-17 21:18:48,566 INFO     Lenovo     标题为<<一直有个疑问>>的项输入到"缘之空.txt"成功

2018-03-17 21:18:48,571 INFO     Lenovo     标题为<<【正片COS】缘之空——春日野悠：宅男/花嫁>>的项输入到"缘之空.txt"成功

2018-03-17 21:18:48,575 INFO     Lenovo     标题为<<萌新求助动漫里的一句经典台词:我只会和需要我的人一起走下去，>>的项输入到"缘之空.txt"成功

2018-03-17 21:18:48,578 INFO     Lenovo     标题为<<有大佬认识这是哪个网站么>>的项输入到"缘之空.txt"成功

2018-03-17 21:18:48,582 INFO     Lenovo     标题为<<萌新提问>>的项输入到"缘之空.txt"成功

2018-03-17 21:18:48,585 INFO     Lenovo     标题为<<穹妹的狐狸精！>>的项输入到"缘之空.txt"成功

2018-03-17 21:18:48,589 INFO     Lenovo     标题为<<缘之空综合症晚期？>>的项输入到"缘之空.txt"成功

2018-03-17 21:18:48,592 INFO     Lenovo     标题为<<德国骨科，英国法庭>>的项输入到"缘之空.txt"成功

2018-03-17 21:18:48,595 INFO     Lenovo     标题为<<感人的表白就是没有人回我>>的项输入到"缘之空.txt"成功

2018-03-17 21:18:48,598 INFO     Lenovo     标题为<<关于缘之空游戏的求助>>的项输入到"缘之空.txt"成功

2018-03-17 21:18:48,601 INFO     Lenovo     标题为<<大佬，这个记录是什么意思>>的项输入到"缘之空.txt"成功

2018-03-17 21:18:48,605 INFO     Lenovo     标题为<<二刷缘之空穹线没有致郁反而被治愈了>>的项输入到"缘之空.txt"成功

2018-03-17 21:18:48,609 INFO     Lenovo     标题为<<动漫简直是太…… 前两集还把它看成纯爱番的我简直逊毙了，第七>>的项输入到"缘之空.txt"成功

2018-03-17 21:18:48,614 INFO     Lenovo     标题为<<缘之空吧官方吧群创立啦~欢迎各位热爱缘之空的fans加入~>>的项输入到"缘之空.txt"成功

2018-03-17 21:18:48,618 INFO     Lenovo     标题为<<来德骨我又回来了>>的项输入到"缘之空.txt"成功

2018-03-17 21:18:48,621 INFO     Lenovo     标题为<<『苍穹悠尽』    缘之空情侣头像，自截。   ——白尘。>>的项输入到"缘之空.txt"成功

2018-03-17 21:18:48,625 INFO     Lenovo     标题为<<特别喜欢穹妹啊。你更喜欢这部番的BGM。虽然说还是觉得这部番>>的项输入到"缘之空.txt"成功

2018-03-17 21:18:48,628 INFO     Lenovo     标题为<<求缘之空psp版网盘>>的项输入到"缘之空.txt"成功

2018-03-17 21:18:48,631 INFO     Lenovo     标题为<<图解《悠之空》，不定期更新>>的项输入到"缘之空.txt"成功

2018-03-17 21:18:48,634 INFO     Lenovo     标题为<<刚刚看完缘之空，对此我有一种莫名的抑郁感，但是对于悠与穹的未>>的项输入到"缘之空.txt"成功

2018-03-17 21:18:48,638 INFO     Lenovo     标题为<<额这部动画颠覆了我的世界观>>的项输入到"缘之空.txt"成功

2018-03-17 21:18:48,641 INFO     Lenovo     标题为<<给大家推荐一个动漫，叫我的妹妹是美国人很有意思的动漫，新出的>>的项输入到"缘之空.txt"成功

2018-03-17 21:18:48,645 INFO     Lenovo     标题为<<吧友们，我在B站传了缘之空的角色歌，op/ed，还有pv，1>>的项输入到"缘之空.txt"成功

2018-03-17 21:18:48,648 INFO     Lenovo     标题为<<分享：观看缘之空后的感想>>的项输入到"缘之空.txt"成功

2018-03-17 21:18:48,653 INFO     Lenovo     标题为<<『漫画推荐』测不准的阿波连同学>>的项输入到"缘之空.txt"成功

2018-03-17 21:18:48,657 INFO     Lenovo     标题为<<德骨床位帮我预定一个，德骨，没想到我年纪轻轻，就得进德骨>>的项输入到"缘之空.txt"成功

2018-03-17 21:18:48,661 INFO     Lenovo     标题为<<关于缘之空结尾的悲剧>>的项输入到"缘之空.txt"成功

2018-03-17 21:18:48,664 INFO     Lenovo     标题为<<你们对里面H画面有什么看法>>的项输入到"缘之空.txt"成功

2018-03-17 21:18:48,667 INFO     Lenovo     标题为<<我怎么突然觉得后面那兔子好可怜>>的项输入到"缘之空.txt"成功

2018-03-17 21:18:48,671 INFO     Lenovo     标题为<<怎么办，我也不知道怎么办>>的项输入到"缘之空.txt"成功

2018-03-17 21:18:48,677 INFO     Lenovo     标题为<<好像确定我妹妹对我有特别的感情了>>的项输入到"缘之空.txt"成功

2018-03-17 21:18:48,681 INFO     Lenovo     标题为<<缘之空钢琴现场演奏，有妹恨妹不是穹，无妹恨穹不是妹。>>的项输入到"缘之空.txt"成功

2018-03-17 21:18:48,683 INFO     Lenovo     标题为<<求这两张的高清大图，懂的印床单>>的项输入到"缘之空.txt"成功

2018-03-17 21:18:48,687 INFO     Lenovo     标题为<<真心羡慕穹妹有个好哥哥，五河琴里就没穹妹那么好命！>>的项输入到"缘之空.txt"成功

2018-03-17 21:18:48,690 INFO     Lenovo     标题为<<求助ios怎么玩缘之空手游啊>>的项输入到"缘之空.txt"成功

2018-03-17 21:18:48,694 INFO     Lenovo     标题为<<回家和妹妹过年啦>>的项输入到"缘之空.txt"成功

2018-03-17 21:18:48,697 INFO     Lenovo     标题为<<有人知道国产的体操服怎么脱bra吗>>的项输入到"缘之空.txt"成功

2018-03-17 21:18:48,700 INFO     Lenovo     标题为<<缘之空&悠之空CG[115永久]>>的项输入到"缘之空.txt"成功

2018-03-17 21:18:48,703 INFO     Lenovo     标题为<<缘之空，电脑自制动态桌面>>的项输入到"缘之空.txt"成功

2018-03-17 21:18:48,710 INFO     Lenovo     标题为<<黑历史起源。还有人认得我吗？>>的项输入到"缘之空.txt"成功

2018-03-17 21:18:48,711 INFO     Lenovo     标题为<<第一次做MAD在B站发生惨案>>的项输入到"缘之空.txt"成功

2018-03-17 21:18:48,714 INFO     Lenovo     标题为<<姑且算是圣地巡礼吧>>的项输入到"缘之空.txt"成功

2018-03-17 21:18:48,717 INFO     Lenovo     标题为<<【外交】Kanon吧为您带来元宵节的祝福！>>的项输入到"缘之空.txt"成功

2018-03-17 21:18:48,721 INFO     Lenovo     标题为<<穹妹生日快乐！《和风穹语》手办正式公布！>>的项输入到"缘之空.txt"成功

2018-03-17 21:18:48,726 INFO     Lenovo     标题为<<都特么给老娘停....>>的项输入到"缘之空.txt"成功

2018-03-17 21:18:48,732 INFO     Lenovo     标题为<<听听故事吗，和妹妹的故事>>的项输入到"缘之空.txt"成功

2018-03-17 21:28:17,407 INFO     Lenovo     获取URLS成功    

2018-03-17 21:28:21,838 INFO     Lenovo     Python 返回URUL:http://tieba.baidu.com/f?kw=缘之空&ie=utf-8&pn=0  数据成功

2018-03-17 21:28:22,296 INFO     Lenovo     获取标题为<<(若晗)我是不是用小号注册了个神id>>的项成功 ...

2018-03-17 21:28:22,303 INFO     Lenovo     获取标题为<<【真爱】这里是 春日野穹 的真爱贴，喜欢穹妹的天天来顶啊~>>的项成功 ...

2018-03-17 21:28:22,309 INFO     Lenovo     获取标题为<<(若晗)诶嘿嘿>>的项成功 ...

2018-03-17 21:28:22,313 INFO     Lenovo     获取标题为<<有妹的同志们来做个实验>>的项成功 ...

2018-03-17 21:28:22,318 INFO     Lenovo     获取标题为<<向妹妹表白了……现在心里很乱>>的项成功 ...

2018-03-17 21:28:22,323 INFO     Lenovo     获取标题为<<★官方吧群★缘之空吧官方吧群开通啦~欢迎各路神仙，小姐姐加入！>>的项成功 ...

2018-03-17 21:28:22,329 INFO     Lenovo     获取标题为<<给大家讲一个我身边发生的神奇故事>>的项成功 ...

2018-03-17 21:28:22,336 INFO     Lenovo     获取标题为<<大月喵神教，需要祭天的时候，就宰猫吧。。。>>的项成功 ...

2018-03-17 21:28:22,342 INFO     Lenovo     获取标题为<<为什么悠看见穹手淫“感动”了吾>>的项成功 ...

2018-03-17 21:28:22,348 INFO     Lenovo     获取标题为<<【长期更新】分享一下我和我妹的故事吧>>的项成功 ...

2018-03-17 21:28:22,352 INFO     Lenovo     获取标题为<<穹妹手机壁纸>>的项成功 ...

2018-03-17 21:28:22,357 INFO     Lenovo     获取标题为<<妹，你是哥上辈子积累的福分，哥会永远的守护你。>>的项成功 ...

2018-03-17 21:28:22,362 INFO     Lenovo     获取标题为<<终于到了…运费接近书一半的价钱…>>的项成功 ...

2018-03-17 21:28:22,368 INFO     Lenovo     获取标题为<<这是什么？有卖的吗？>>的项成功 ...

2018-03-17 21:28:22,374 INFO     Lenovo     获取标题为<<【龟速直播】妹控哥哥和兄控妹妹的温馨日常>>的项成功 ...

2018-03-17 21:28:22,378 INFO     Lenovo     获取标题为<<【重置版】当我发现妹妹的秘密之后>>的项成功 ...

2018-03-17 21:28:22,384 INFO     Lenovo     获取标题为<<看缘之空中毒的吧友进来>>的项成功 ...

2018-03-17 21:28:22,388 INFO     Lenovo     获取标题为<<有小可爱有这个头像的另一半吗？>>的项成功 ...

2018-03-17 21:28:22,394 INFO     Lenovo     获取标题为<<【参赛作品】2   这次加了字幕画面尽量配合歌词(*****>>的项成功 ...

2018-03-17 21:28:22,400 INFO     Lenovo     获取标题为<<悠的爷爷没死？？？>>的项成功 ...

2018-03-17 21:28:22,404 INFO     Lenovo     获取标题为<<『缘之空ONS手机版详细教程』针对萌新的详细教程>>的项成功 ...

2018-03-17 21:28:22,411 INFO     Lenovo     获取标题为<<生日快乐，小穹>>的项成功 ...

2018-03-17 21:28:22,415 INFO     Lenovo     获取标题为<<缘之空 感谢有你>>的项成功 ...

2018-03-17 21:28:22,421 INFO     Lenovo     获取标题为<<戏言——死与新生>>的项成功 ...

2018-03-17 21:28:22,427 INFO     Lenovo     获取标题为<<【真爱】这是顶天女目瑛的专门贴，喜欢瑛的天天来顶啊~>>的项成功 ...

2018-03-17 21:28:22,430 INFO     Lenovo     获取标题为<<想水帖升级却不知道用什么理由水……呐你们猜猜……我这是睡得迟>>的项成功 ...

2018-03-17 21:28:22,434 INFO     Lenovo     获取标题为<<【真爱】这里是顶依媛奈绪的专门贴，喜欢邻家大姐姐的天天来顶啊>>的项成功 ...

2018-03-17 21:28:22,440 INFO     Lenovo     获取标题为<<【真爱】这是顶仓永梢的专门贴，喜欢班长妹子的天天来顶啊！！！>>的项成功 ...

2018-03-17 21:28:22,444 INFO     Lenovo     获取标题为<<【真爱】这是顶乃木板初佳的专门贴，喜欢的初佳小姐的天天来顶呀~~>>的项成功 ...

2018-03-17 21:28:22,453 INFO     Lenovo     获取标题为<<【真爱】这是顶春日野悠的专门贴，喜欢的悠哥的天天来顶呀。。>>的项成功 ...

2018-03-17 21:28:22,459 INFO     Lenovo     获取标题为<<【真爱】这里是 渚一叶 的真爱贴，喜欢大小姐的天天来顶啊~>>的项成功 ...

2018-03-17 21:28:22,463 INFO     Lenovo     获取标题为<<悠之空个缘之空有什么区别？>>的项成功 ...

2018-03-17 21:28:22,467 INFO     Lenovo     获取标题为<<第一次cos 献给爱的穹妹💕>>的项成功 ...

2018-03-17 21:28:22,473 INFO     Lenovo     获取标题为<<『萌物安利』梦梦奈了解一下>>的项成功 ...

2018-03-17 21:28:22,480 INFO     Lenovo     获取标题为<<动漫中十个让人心疼的女配角>>的项成功 ...

2018-03-17 21:28:22,484 INFO     Lenovo     获取标题为<<提个问。吧里不让发cos？？？>>的项成功 ...

2018-03-17 21:28:22,487 INFO     Lenovo     获取标题为<<突然想图解缘之空游戏，不为什么就是想，龟速更新，但不会弃坑>>的项成功 ...

2018-03-17 21:28:22,496 INFO     Lenovo     获取标题为<<图解悠之空>>的项成功 ...

2018-03-17 21:28:22,500 INFO     Lenovo     获取标题为<<我与妹妹的日常>>的项成功 ...

2018-03-17 21:28:22,519 INFO     Lenovo     获取标题为<<想和穹妹说晚安的天天来说～>>的项成功 ...

2018-03-17 21:28:22,523 INFO     Lenovo     获取标题为<<看缘之空动漫被表妹看到>>的项成功 ...

2018-03-17 21:28:22,530 INFO     Lenovo     获取标题为<<【不是小说】昨天给分手很久的妹妹发了条短信>>的项成功 ...

2018-03-17 21:28:22,536 INFO     Lenovo     获取标题为<<什什什么？！！吧主怎么就一个人了，无辜希呢？>>的项成功 ...

2018-03-17 21:28:22,540 INFO     Lenovo     获取标题为<<求悠哥的高清头像，列如这种[下图][表示被悠哥圈粉]>>的项成功 ...

2018-03-17 21:28:22,546 INFO     Lenovo     获取标题为<<悠与穹，在那苍穹的尽头，向着悠远的天穹朝着未来前行吧，祝你们>>的项成功 ...

2018-03-17 21:28:22,552 INFO     Lenovo     获取标题为<<溜达溜达溜达溜达溜，没有我眼熟的了。>>的项成功 ...

2018-03-17 21:28:22,555 INFO     Lenovo     获取标题为<<[原創]無題>>的项成功 ...

2018-03-17 21:28:22,561 INFO     Lenovo     获取标题为<<缘之空的CG>>的项成功 ...

2018-03-17 21:28:24,217 INFO     Lenovo     Python 返回URUL:http://tieba.baidu.com/f?kw=缘之空&ie=utf-8&pn=50  数据成功

